0 verbose cli C:\Program Files\nodejs\node.exe C:\Users\sathy\AppData\Roaming\npm\node_modules\npm\bin\npm-cli.js
1 info using npm@11.8.0
2 info using node@v24.11.1
3 silly config load:file:C:\Users\sathy\AppData\Roaming\npm\node_modules\npm\npmrc
4 silly config load:file:D:\oxytrace\.npmrc
5 silly config load:file:C:\Users\sathy\.npmrc
6 silly config load:file:C:\Users\sathy\AppData\Roaming\npm\etc\npmrc
7 verbose title npm install
8 verbose argv "install" "--cache" "D:\\oxytrace\\.npm-cache"
9 verbose logfile logs-max:10 dir:D:\oxytrace\.npm-cache\_logs\2026-03-18T06_39_52_979Z-
10 verbose logfile D:\oxytrace\.npm-cache\_logs\2026-03-18T06_39_52_979Z-debug-0.log
11 silly logfile done cleaning log files
12 silly packumentCache heap:4496293888 maxSize:1124073472 maxEntrySize:562036736
13 http fetch GET https://registry.npmjs.org/npm attempt 1 failed with EACCES
14 verbose shrinkwrap failed to load node_modules/.package-lock.json out of date, updated: client
15 silly idealTree buildDeps
16 silly reify moves {}
17 silly audit bulk request {
17 silly audit   'oxytrace-client': [ '0.1.0' ],
17 silly audit   '@alloc/quick-lru': [ '5.2.0' ],
17 silly audit   '@babel/code-frame': [ '7.29.0' ],
17 silly audit   '@babel/compat-data': [ '7.29.0' ],
17 silly audit   '@babel/core': [ '7.29.0' ],
17 silly audit   '@babel/generator': [ '7.29.1' ],
17 silly audit   '@babel/helper-compilation-targets': [ '7.28.6' ],
17 silly audit   '@babel/helper-globals': [ '7.28.0' ],
17 silly audit   '@babel/helper-module-imports': [ '7.28.6' ],
17 silly audit   '@babel/helper-module-transforms': [ '7.28.6' ],
17 silly audit   '@babel/helper-plugin-utils': [ '7.28.6' ],
17 silly audit   '@babel/helper-string-parser': [ '7.27.1' ],
17 silly audit   '@babel/helper-validator-identifier': [ '7.28.5' ],
17 silly audit   '@babel/helper-validator-option': [ '7.27.1' ],
17 silly audit   '@babel/helpers': [ '7.29.2' ],
17 silly audit   '@babel/parser': [ '7.29.2' ],
17 silly audit   '@babel/plugin-transform-react-jsx-self': [ '7.27.1' ],
17 silly audit   '@babel/plugin-transform-react-jsx-source': [ '7.27.1' ],
17 silly audit   '@babel/runtime': [ '7.29.2' ],
17 silly audit   '@babel/template': [ '7.28.6' ],
17 silly audit   '@babel/traverse': [ '7.29.0' ],
17 silly audit   '@babel/types': [ '7.29.0' ],
17 silly audit   '@esbuild/aix-ppc64': [ '0.21.5' ],
17 silly audit   '@esbuild/android-arm': [ '0.21.5' ],
17 silly audit   '@esbuild/android-arm64': [ '0.21.5' ],
17 silly audit   '@esbuild/android-x64': [ '0.21.5' ],
17 silly audit   '@esbuild/darwin-arm64': [ '0.21.5' ],
17 silly audit   '@esbuild/darwin-x64': [ '0.21.5' ],
17 silly audit   '@esbuild/freebsd-arm64': [ '0.21.5' ],
17 silly audit   '@esbuild/freebsd-x64': [ '0.21.5' ],
17 silly audit   '@esbuild/linux-arm': [ '0.21.5' ],
17 silly audit   '@esbuild/linux-arm64': [ '0.21.5' ],
17 silly audit   '@esbuild/linux-ia32': [ '0.21.5' ],
17 silly audit   '@esbuild/linux-loong64': [ '0.21.5' ],
17 silly audit   '@esbuild/linux-mips64el': [ '0.21.5' ],
17 silly audit   '@esbuild/linux-ppc64': [ '0.21.5' ],
17 silly audit   '@esbuild/linux-riscv64': [ '0.21.5' ],
17 silly audit   '@esbuild/linux-s390x': [ '0.21.5' ],
17 silly audit   '@esbuild/linux-x64': [ '0.21.5' ],
17 silly audit   '@esbuild/netbsd-x64': [ '0.21.5' ],
17 silly audit   '@esbuild/openbsd-x64': [ '0.21.5' ],
17 silly audit   '@esbuild/sunos-x64': [ '0.21.5' ],
17 silly audit   '@esbuild/win32-arm64': [ '0.21.5' ],
17 silly audit   '@esbuild/win32-ia32': [ '0.21.5' ],
17 silly audit   '@esbuild/win32-x64': [ '0.21.5' ],
17 silly audit   '@google/generative-ai': [ '0.24.1' ],
17 silly audit   '@jridgewell/gen-mapping': [ '0.3.13' ],
17 silly audit   '@jridgewell/remapping': [ '2.3.5' ],
17 silly audit   '@jridgewell/resolve-uri': [ '3.1.2' ],
17 silly audit   '@jridgewell/sourcemap-codec': [ '1.5.5' ],
17 silly audit   '@jridgewell/trace-mapping': [ '0.3.31' ],
17 silly audit   '@nodelib/fs.scandir': [ '2.1.5' ],
17 silly audit   '@nodelib/fs.stat': [ '2.0.5' ],
17 silly audit   '@nodelib/fs.walk': [ '1.2.8' ],
17 silly audit   '@remix-run/router': [ '1.23.2' ],
17 silly audit   '@rolldown/pluginutils': [ '1.0.0-beta.27' ],
17 silly audit   '@rollup/rollup-android-arm-eabi': [ '4.59.0' ],
17 silly audit   '@rollup/rollup-android-arm64': [ '4.59.0' ],
17 silly audit   '@rollup/rollup-darwin-arm64': [ '4.59.0' ],
17 silly audit   '@rollup/rollup-darwin-x64': [ '4.59.0' ],
17 silly audit   '@rollup/rollup-freebsd-arm64': [ '4.59.0' ],
17 silly audit   '@rollup/rollup-freebsd-x64': [ '4.59.0' ],
17 silly audit   '@rollup/rollup-linux-arm-gnueabihf': [ '4.59.0' ],
17 silly audit   '@rollup/rollup-linux-arm-musleabihf': [ '4.59.0' ],
17 silly audit   '@rollup/rollup-linux-arm64-gnu': [ '4.59.0' ],
17 silly audit   '@rollup/rollup-linux-arm64-musl': [ '4.59.0' ],
17 silly audit   '@rollup/rollup-linux-loong64-gnu': [ '4.59.0' ],
17 silly audit   '@rollup/rollup-linux-loong64-musl': [ '4.59.0' ],
17 silly audit   '@rollup/rollup-linux-ppc64-gnu': [ '4.59.0' ],
17 silly audit   '@rollup/rollup-linux-ppc64-musl': [ '4.59.0' ],
17 silly audit   '@rollup/rollup-linux-riscv64-gnu': [ '4.59.0' ],
17 silly audit   '@rollup/rollup-linux-riscv64-musl': [ '4.59.0' ],
17 silly audit   '@rollup/rollup-linux-s390x-gnu': [ '4.59.0' ],
17 silly audit   '@rollup/rollup-linux-x64-gnu': [ '4.59.0' ],
17 silly audit   '@rollup/rollup-linux-x64-musl': [ '4.59.0' ],
17 silly audit   '@rollup/rollup-openbsd-x64': [ '4.59.0' ],
17 silly audit   '@rollup/rollup-openharmony-arm64': [ '4.59.0' ],
17 silly audit   '@rollup/rollup-win32-arm64-msvc': [ '4.59.0' ],
17 silly audit   '@rollup/rollup-win32-ia32-msvc': [ '4.59.0' ],
17 silly audit   '@rollup/rollup-win32-x64-gnu': [ '4.59.0' ],
17 silly audit   '@rollup/rollup-win32-x64-msvc': [ '4.59.0' ],
17 silly audit   '@supabase/auth-js': [ '2.99.2' ],
17 silly audit   '@supabase/functions-js': [ '2.99.2' ],
17 silly audit   '@supabase/postgrest-js': [ '2.99.2' ],
17 silly audit   '@supabase/realtime-js': [ '2.99.2' ],
17 silly audit   '@supabase/storage-js': [ '2.99.2' ],
17 silly audit   '@supabase/supabase-js': [ '2.99.2' ],
17 silly audit   '@types/babel__core': [ '7.20.5' ],
17 silly audit   '@types/babel__generator': [ '7.27.0' ],
17 silly audit   '@types/babel__template': [ '7.4.4' ],
17 silly audit   '@types/babel__traverse': [ '7.28.0' ],
17 silly audit   '@types/d3-array': [ '3.2.2' ],
17 silly audit   '@types/d3-color': [ '3.1.3' ],
17 silly audit   '@types/d3-ease': [ '3.0.2' ],
17 silly audit   '@types/d3-interpolate': [ '3.0.4' ],
17 silly audit   '@types/d3-path': [ '3.1.1' ],
17 silly audit   '@types/d3-scale': [ '4.0.9' ],
17 silly audit   '@types/d3-shape': [ '3.1.8' ],
17 silly audit   '@types/d3-time': [ '3.0.4' ],
17 silly audit   '@types/d3-timer': [ '3.0.2' ],
17 silly audit   '@types/debug': [ '4.1.12' ],
17 silly audit   '@types/estree': [ '1.0.8' ],
17 silly audit   '@types/estree-jsx': [ '1.0.5' ],
17 silly audit   '@types/hast': [ '3.0.4' ],
17 silly audit   '@types/mdast': [ '4.0.4' ],
17 silly audit   '@types/ms': [ '2.1.0' ],
17 silly audit   '@types/node': [ '25.5.0' ],
17 silly audit   '@types/phoenix': [ '1.6.7' ],
17 silly audit   '@types/prop-types': [ '15.7.15' ],
17 silly audit   '@types/react': [ '18.3.28' ],
17 silly audit   '@types/react-dom': [ '18.3.7' ],
17 silly audit   '@types/unist': [ '3.0.3', '2.0.11' ],
17 silly audit   '@types/ws': [ '8.18.1' ],
17 silly audit   '@ungap/structured-clone': [ '1.3.0' ],
17 silly audit   '@vitejs/plugin-react': [ '4.7.0' ],
17 silly audit   accepts: [ '1.3.8' ],
17 silly audit   'ansi-regex': [ '5.0.1' ],
17 silly audit   'ansi-styles': [ '4.3.0' ],
17 silly audit   'any-promise': [ '1.3.0' ],
17 silly audit   anymatch: [ '3.1.3' ],
17 silly audit   arg: [ '5.0.2' ],
17 silly audit   'array-flatten': [ '1.1.1' ],
17 silly audit   autoprefixer: [ '10.4.27' ],
17 silly audit   bail: [ '2.0.2' ],
17 silly audit   'baseline-browser-mapping': [ '2.10.8' ],
17 silly audit   'binary-extensions': [ '2.3.0' ],
17 silly audit   'body-parser': [ '1.20.4' ],
17 silly audit   debug: [ '2.6.9', '4.4.3' ],
17 silly audit   ms: [ '2.0.0', '2.1.3' ],
17 silly audit   braces: [ '3.0.3' ],
17 silly audit   browserslist: [ '4.28.1' ],
17 silly audit   bytes: [ '3.1.2' ],
17 silly audit   'call-bind-apply-helpers': [ '1.0.2' ],
17 silly audit   'call-bound': [ '1.0.4' ],
17 silly audit   'camelcase-css': [ '2.0.1' ],
17 silly audit   'caniuse-lite': [ '1.0.30001780' ],
17 silly audit   ccount: [ '2.0.1' ],
17 silly audit   chalk: [ '4.1.2' ],
17 silly audit   'supports-color': [ '7.2.0', '8.1.1' ],
17 silly audit   'character-entities': [ '2.0.2' ],
17 silly audit   'character-entities-html4': [ '2.1.0' ],
17 silly audit   'character-entities-legacy': [ '3.0.0' ],
17 silly audit   'character-reference-invalid': [ '2.0.1' ],
17 silly audit   chokidar: [ '3.6.0' ],
17 silly audit   'glob-parent': [ '5.1.2', '6.0.2' ],
17 silly audit   cliui: [ '8.0.1' ],
17 silly audit   clsx: [ '2.1.1' ],
17 silly audit   'color-convert': [ '2.0.1' ],
17 silly audit   'color-name': [ '1.1.4' ],
17 silly audit   'comma-separated-tokens': [ '2.0.3' ],
17 silly audit   commander: [ '4.1.1' ],
17 silly audit   concurrently: [ '9.2.1' ],
17 silly audit   'content-disposition': [ '0.5.4' ],
17 silly audit   'content-type': [ '1.0.5' ],
17 silly audit   'convert-source-map': [ '2.0.0' ],
17 silly audit   cookie: [ '0.7.2' ],
17 silly audit   'cookie-signature': [ '1.0.7' ],
17 silly audit   cors: [ '2.8.6' ],
17 silly audit   'countup.js': [ '2.10.0' ],
17 silly audit   cssesc: [ '3.0.0' ],
17 silly audit   csstype: [ '3.2.3' ],
17 silly audit   'd3-array': [ '3.2.4' ],
17 silly audit   'd3-color': [ '3.1.0' ],
17 silly audit   'd3-ease': [ '3.0.1' ],
17 silly audit   'd3-format': [ '3.1.2' ],
17 silly audit   'd3-interpolate': [ '3.0.1' ],
17 silly audit   'd3-path': [ '3.1.0' ],
17 silly audit   'd3-scale': [ '4.0.2' ],
17 silly audit   'd3-shape': [ '3.2.0' ],
17 silly audit   'd3-time': [ '3.1.0' ],
17 silly audit   'd3-time-format': [ '4.1.0' ],
17 silly audit   'd3-timer': [ '3.0.1' ],
17 silly audit   'decimal.js-light': [ '2.5.1' ],
17 silly audit   'decode-named-character-reference': [ '1.3.0' ],
17 silly audit   depd: [ '2.0.0' ],
17 silly audit   dequal: [ '2.0.3' ],
17 silly audit   destroy: [ '1.2.0' ],
17 silly audit   devlop: [ '1.1.0' ],
17 silly audit   didyoumean: [ '1.2.2' ],
17 silly audit   dlv: [ '1.1.3' ],
17 silly audit   'dom-helpers': [ '5.2.1' ],
17 silly audit   dotenv: [ '16.6.1' ],
17 silly audit   'dunder-proto': [ '1.0.1' ],
17 silly audit   'ee-first': [ '1.1.1' ],
17 silly audit   'electron-to-chromium': [ '1.5.313' ],
17 silly audit   'emoji-regex': [ '8.0.0' ],
17 silly audit   encodeurl: [ '2.0.0' ],
17 silly audit   'es-define-property': [ '1.0.1' ],
17 silly audit   'es-errors': [ '1.3.0' ],
17 silly audit   'es-object-atoms': [ '1.1.1' ],
17 silly audit   esbuild: [ '0.21.5' ],
17 silly audit   escalade: [ '3.2.0' ],
17 silly audit   'escape-html': [ '1.0.3' ],
17 silly audit   'estree-util-is-identifier-name': [ '3.0.0' ],
17 silly audit   etag: [ '1.8.1' ],
17 silly audit   eventemitter3: [ '4.0.7' ],
17 silly audit   express: [ '4.22.1' ],
17 silly audit   extend: [ '3.0.2' ],
17 silly audit   'fast-equals': [ '5.4.0' ],
17 silly audit   'fast-glob': [ '3.3.3' ],
17 silly audit   fastq: [ '1.20.1' ],
17 silly audit   'fill-range': [ '7.1.1' ],
17 silly audit   finalhandler: [ '1.3.2' ],
17 silly audit   forwarded: [ '0.2.0' ],
17 silly audit   'fraction.js': [ '5.3.4' ],
17 silly audit   'framer-motion': [ '12.38.0' ],
17 silly audit   fresh: [ '0.5.2' ],
17 silly audit   fsevents: [ '2.3.3' ],
17 silly audit   'function-bind': [ '1.1.2' ],
17 silly audit   gensync: [ '1.0.0-beta.2' ],
17 silly audit   'get-caller-file': [ '2.0.5' ],
17 silly audit   'get-intrinsic': [ '1.3.0' ],
17 silly audit   'get-proto': [ '1.0.1' ],
17 silly audit   goober: [ '2.1.18' ],
17 silly audit   gopd: [ '1.2.0' ],
17 silly audit   'has-flag': [ '4.0.0' ],
17 silly audit   'has-symbols': [ '1.1.0' ],
17 silly audit   hasown: [ '2.0.2' ],
17 silly audit   'hast-util-to-jsx-runtime': [ '2.3.6' ],
17 silly audit   'hast-util-whitespace': [ '3.0.0' ],
17 silly audit   'html-url-attributes': [ '3.0.1' ],
17 silly audit   'http-errors': [ '2.0.1' ],
17 silly audit   'iceberg-js': [ '0.8.1' ],
17 silly audit   'iconv-lite': [ '0.4.24' ],
17 silly audit   inherits: [ '2.0.4' ],
17 silly audit   'inline-style-parser': [ '0.2.7' ],
17 silly audit   internmap: [ '2.0.3' ],
17 silly audit   'ipaddr.js': [ '1.9.1' ],
17 silly audit   'is-alphabetical': [ '2.0.1' ],
17 silly audit   'is-alphanumerical': [ '2.0.1' ],
17 silly audit   'is-binary-path': [ '2.1.0' ],
17 silly audit   'is-core-module': [ '2.16.1' ],
17 silly audit   'is-decimal': [ '2.0.1' ],
17 silly audit   'is-extglob': [ '2.1.1' ],
17 silly audit   'is-fullwidth-code-point': [ '3.0.0' ],
17 silly audit   'is-glob': [ '4.0.3' ],
17 silly audit   'is-hexadecimal': [ '2.0.1' ],
17 silly audit   'is-number': [ '7.0.0' ],
17 silly audit   'is-plain-obj': [ '4.1.0' ],
17 silly audit   jiti: [ '1.21.7' ],
17 silly audit   'js-tokens': [ '4.0.0' ],
17 silly audit   jsesc: [ '3.1.0' ],
17 silly audit   json5: [ '2.2.3' ],
17 silly audit   lilconfig: [ '3.1.3' ],
17 silly audit   'lines-and-columns': [ '1.2.4' ],
17 silly audit   lodash: [ '4.17.23' ],
17 silly audit   'longest-streak': [ '3.1.0' ],
17 silly audit   'loose-envify': [ '1.4.0' ],
17 silly audit   'lru-cache': [ '5.1.1' ],
17 silly audit   'lucide-react': [ '0.542.0' ],
17 silly audit   'math-intrinsics': [ '1.1.0' ],
17 silly audit   'mdast-util-from-markdown': [ '2.0.3' ],
17 silly audit   'mdast-util-mdx-expression': [ '2.0.1' ],
17 silly audit   'mdast-util-mdx-jsx': [ '3.2.0' ],
17 silly audit   'mdast-util-mdxjs-esm': [ '2.0.1' ],
17 silly audit   'mdast-util-phrasing': [ '4.1.0' ],
17 silly audit   'mdast-util-to-hast': [ '13.2.1' ],
17 silly audit   'mdast-util-to-markdown': [ '2.1.2' ],
17 silly audit   'mdast-util-to-string': [ '4.0.0' ],
17 silly audit   'media-typer': [ '0.3.0' ],
17 silly audit   'merge-descriptors': [ '1.0.3' ],
17 silly audit   merge2: [ '1.4.1' ],
17 silly audit   methods: [ '1.1.2' ],
17 silly audit   micromark: [ '4.0.2' ],
17 silly audit   'micromark-core-commonmark': [ '2.0.3' ],
17 silly audit   'micromark-factory-destination': [ '2.0.1' ],
17 silly audit   'micromark-factory-label': [ '2.0.1' ],
17 silly audit   'micromark-factory-space': [ '2.0.1' ],
17 silly audit   'micromark-factory-title': [ '2.0.1' ],
17 silly audit   'micromark-factory-whitespace': [ '2.0.1' ],
17 silly audit   'micromark-util-character': [ '2.1.1' ],
17 silly audit   'micromark-util-chunked': [ '2.0.1' ],
17 silly audit   'micromark-util-classify-character': [ '2.0.1' ],
17 silly audit   'micromark-util-combine-extensions': [ '2.0.1' ],
17 silly audit   'micromark-util-decode-numeric-character-reference': [ '2.0.2' ],
17 silly audit   'micromark-util-decode-string': [ '2.0.1' ],
17 silly audit   'micromark-util-encode': [ '2.0.1' ],
17 silly audit   'micromark-util-html-tag-name': [ '2.0.1' ],
17 silly audit   'micromark-util-normalize-identifier': [ '2.0.1' ],
17 silly audit   'micromark-util-resolve-all': [ '2.0.1' ],
17 silly audit   'micromark-util-sanitize-uri': [ '2.0.1' ],
17 silly audit   'micromark-util-subtokenize': [ '2.1.0' ],
17 silly audit   'micromark-util-symbol': [ '2.0.1' ],
17 silly audit   'micromark-util-types': [ '2.0.2' ],
17 silly audit   micromatch: [ '4.0.8' ],
17 silly audit   mime: [ '1.6.0' ],
17 silly audit   'mime-db': [ '1.52.0' ],
17 silly audit   'mime-types': [ '2.1.35' ],
17 silly audit   'motion-dom': [ '12.38.0' ],
17 silly audit   'motion-utils': [ '12.36.0' ],
17 silly audit   mz: [ '2.7.0' ],
17 silly audit   nanoid: [ '3.3.11' ],
17 silly audit   negotiator: [ '0.6.3' ],
17 silly audit   'node-releases': [ '2.0.36' ],
17 silly audit   'normalize-path': [ '3.0.0' ],
17 silly audit   'object-assign': [ '4.1.1' ],
17 silly audit   'object-hash': [ '3.0.0' ],
17 silly audit   'object-inspect': [ '1.13.4' ],
17 silly audit   'on-finished': [ '2.4.1' ],
17 silly audit   'parse-entities': [ '4.0.2' ],
17 silly audit   parseurl: [ '1.3.3' ],
17 silly audit   'path-parse': [ '1.0.7' ],
17 silly audit   'path-to-regexp': [ '0.1.12' ],
17 silly audit   picocolors: [ '1.1.1' ],
17 silly audit   picomatch: [ '2.3.1', '4.0.3' ],
17 silly audit   pify: [ '2.3.0' ],
17 silly audit   pirates: [ '4.0.7' ],
17 silly audit   postcss: [ '8.5.8' ],
17 silly audit   'postcss-import': [ '15.1.0' ],
17 silly audit   'postcss-js': [ '4.1.0' ],
17 silly audit   'postcss-load-config': [ '6.0.1' ],
17 silly audit   'postcss-nested': [ '6.2.0' ],
17 silly audit   'postcss-selector-parser': [ '6.1.2' ],
17 silly audit   'postcss-value-parser': [ '4.2.0' ],
17 silly audit   'prop-types': [ '15.8.1' ],
17 silly audit   'react-is': [ '16.13.1', '18.3.1' ],
17 silly audit   'property-information': [ '7.1.0' ],
17 silly audit   'proxy-addr': [ '2.0.7' ],
17 silly audit   qs: [ '6.14.2' ],
17 silly audit   'queue-microtask': [ '1.2.3' ],
17 silly audit   'range-parser': [ '1.2.1' ],
17 silly audit   'raw-body': [ '2.5.3' ],
17 silly audit   react: [ '18.3.1' ],
17 silly audit   'react-countup': [ '6.5.3' ],
17 silly audit   'react-dom': [ '18.3.1' ],
17 silly audit   'react-hot-toast': [ '2.6.0' ],
17 silly audit   'react-loading-skeleton': [ '3.5.0' ],
17 silly audit   'react-markdown': [ '10.1.0' ],
17 silly audit   'react-refresh': [ '0.17.0' ],
17 silly audit   'react-router': [ '6.30.3' ],
17 silly audit   'react-router-dom': [ '6.30.3' ],
17 silly audit   'react-smooth': [ '4.0.4' ],
17 silly audit   'react-transition-group': [ '4.4.5' ],
17 silly audit   'read-cache': [ '1.0.0' ],
17 silly audit   readdirp: [ '3.6.0' ],
17 silly audit   recharts: [ '2.15.4' ],
17 silly audit   'recharts-scale': [ '0.4.5' ],
17 silly audit   'remark-parse': [ '11.0.0' ],
17 silly audit   'remark-rehype': [ '11.1.2' ],
17 silly audit   'require-directory': [ '2.1.1' ],
17 silly audit   resolve: [ '1.22.11' ],
17 silly audit   reusify: [ '1.1.0' ],
17 silly audit   rollup: [ '4.59.0' ],
17 silly audit   'run-parallel': [ '1.2.0' ],
17 silly audit   rxjs: [ '7.8.2' ],
17 silly audit   'safe-buffer': [ '5.2.1' ],
17 silly audit   'safer-buffer': [ '2.1.2' ],
17 silly audit   scheduler: [ '0.23.2' ],
17 silly audit   semver: [ '6.3.1' ],
17 silly audit   send: [ '0.19.2' ],
17 silly audit   'serve-static': [ '1.16.3' ],
17 silly audit   setprototypeof: [ '1.2.0' ],
17 silly audit   'shell-quote': [ '1.8.3' ],
17 silly audit   'side-channel': [ '1.1.0' ],
17 silly audit   'side-channel-list': [ '1.0.0' ],
17 silly audit   'side-channel-map': [ '1.0.1' ],
17 silly audit   'side-channel-weakmap': [ '1.0.2' ],
17 silly audit   'source-map-js': [ '1.2.1' ],
17 silly audit   'space-separated-tokens': [ '2.0.2' ],
17 silly audit   statuses: [ '2.0.2' ],
17 silly audit   'string-width': [ '4.2.3' ],
17 silly audit   'stringify-entities': [ '4.0.4' ],
17 silly audit   'strip-ansi': [ '6.0.1' ],
17 silly audit   'style-to-js': [ '1.1.21' ],
17 silly audit   'style-to-object': [ '1.0.14' ],
17 silly audit   sucrase: [ '3.35.1' ],
17 silly audit   'supports-preserve-symlinks-flag': [ '1.0.0' ],
17 silly audit   tailwindcss: [ '3.4.19' ],
17 silly audit   thenify: [ '3.3.1' ],
17 silly audit   'thenify-all': [ '1.6.0' ],
17 silly audit   'tiny-invariant': [ '1.3.3' ],
17 silly audit   tinyglobby: [ '0.2.15' ],
17 silly audit   fdir: [ '6.5.0' ],
17 silly audit   'to-regex-range': [ '5.0.1' ],
17 silly audit   toidentifier: [ '1.0.1' ],
17 silly audit   'tree-kill': [ '1.2.2' ],
17 silly audit   'trim-lines': [ '3.0.1' ],
17 silly audit   trough: [ '2.2.0' ],
17 silly audit   'ts-interface-checker': [ '0.1.13' ],
17 silly audit   tslib: [ '2.8.1' ],
17 silly audit   'type-is': [ '1.6.18' ],
17 silly audit   'undici-types': [ '7.18.2' ],
17 silly audit   unified: [ '11.0.5' ],
17 silly audit   'unist-util-is': [ '6.0.1' ],
17 silly audit   'unist-util-position': [ '5.0.0' ],
17 silly audit   'unist-util-stringify-position': [ '4.0.0' ],
17 silly audit   'unist-util-visit': [ '5.1.0' ],
17 silly audit   'unist-util-visit-parents': [ '6.0.2' ],
17 silly audit   unpipe: [ '1.0.0' ],
17 silly audit   'update-browserslist-db': [ '1.2.3' ],
17 silly audit   'util-deprecate': [ '1.0.2' ],
17 silly audit   'utils-merge': [ '1.0.1' ],
17 silly audit   vary: [ '1.1.2' ],
17 silly audit   vfile: [ '6.0.3' ],
17 silly audit   'vfile-message': [ '4.0.3' ],
17 silly audit   'victory-vendor': [ '36.9.2' ],
17 silly audit   vite: [ '5.4.21' ],
17 silly audit   'wrap-ansi': [ '7.0.0' ],
17 silly audit   ws: [ '8.19.0' ],
17 silly audit   y18n: [ '5.0.8' ],
17 silly audit   yallist: [ '3.1.1' ],
17 silly audit   yargs: [ '17.7.2' ],
17 silly audit   'yargs-parser': [ '21.1.1' ],
17 silly audit   zwitch: [ '2.0.4' ],
17 silly audit   'oxytrace-server': [ '0.1.0' ]
17 silly audit }
18 verbose audit error FetchError: request to https://registry.npmjs.org/-/npm/v1/security/advisories/bulk failed, reason: 
18 verbose audit error     at ClientRequest.<anonymous> (C:\Users\sathy\AppData\Roaming\npm\node_modules\npm\node_modules\minipass-fetch\lib\index.js:130:14)
18 verbose audit error     at ClientRequest.emit (node:events:508:28)
18 verbose audit error     at emitErrorEvent (node:_http_client:108:11)
18 verbose audit error     at _destroy (node:_http_client:962:9)
18 verbose audit error     at onSocketNT (node:_http_client:982:5)
18 verbose audit error     at process.processTicksAndRejections (node:internal/process/task_queues:90:21) {
18 verbose audit error   code: 'EACCES',
18 verbose audit error   errno: 'EACCES',
18 verbose audit error   type: 'system'
18 verbose audit error }
19 silly audit error undefined
20 silly audit report null
21 http cache yargs-parser@https://registry.npmjs.org/yargs-parser/-/yargs-parser-21.1.1.tgz 1ms (cache hit)
22 http cache yargs@https://registry.npmjs.org/yargs/-/yargs-17.7.2.tgz 0ms (cache hit)
23 http cache y18n@https://registry.npmjs.org/y18n/-/y18n-5.0.8.tgz 0ms (cache hit)
24 http cache utils-merge@https://registry.npmjs.org/utils-merge/-/utils-merge-1.0.1.tgz 0ms (cache hit)
25 http cache vary@https://registry.npmjs.org/vary/-/vary-1.1.2.tgz 0ms (cache hit)
26 http cache unpipe@https://registry.npmjs.org/unpipe/-/unpipe-1.0.0.tgz 0ms (cache hit)
27 http cache wrap-ansi@https://registry.npmjs.org/wrap-ansi/-/wrap-ansi-7.0.0.tgz 0ms (cache hit)
28 http cache type-is@https://registry.npmjs.org/type-is/-/type-is-1.6.18.tgz 0ms (cache hit)
29 http cache tree-kill@https://registry.npmjs.org/tree-kill/-/tree-kill-1.2.2.tgz 0ms (cache hit)
30 http cache string-width@https://registry.npmjs.org/string-width/-/string-width-4.2.3.tgz 0ms (cache hit)
31 http cache strip-ansi@https://registry.npmjs.org/strip-ansi/-/strip-ansi-6.0.1.tgz 0ms (cache hit)
32 http cache toidentifier@https://registry.npmjs.org/toidentifier/-/toidentifier-1.0.1.tgz 0ms (cache hit)
33 http cache supports-color@https://registry.npmjs.org/supports-color/-/supports-color-8.1.1.tgz 0ms (cache hit)
34 http cache statuses@https://registry.npmjs.org/statuses/-/statuses-2.0.2.tgz 0ms (cache hit)
35 http cache side-channel-weakmap@https://registry.npmjs.org/side-channel-weakmap/-/side-channel-weakmap-1.0.2.tgz 0ms (cache hit)
36 http cache side-channel-list@https://registry.npmjs.org/side-channel-list/-/side-channel-list-1.0.0.tgz 0ms (cache hit)
37 http cache shell-quote@https://registry.npmjs.org/shell-quote/-/shell-quote-1.8.3.tgz 0ms (cache hit)
38 http cache side-channel@https://registry.npmjs.org/side-channel/-/side-channel-1.1.0.tgz 0ms (cache hit)
39 http cache side-channel-map@https://registry.npmjs.org/side-channel-map/-/side-channel-map-1.0.1.tgz 0ms (cache hit)
40 http cache setprototypeof@https://registry.npmjs.org/setprototypeof/-/setprototypeof-1.2.0.tgz 0ms (cache hit)
41 http cache safer-buffer@https://registry.npmjs.org/safer-buffer/-/safer-buffer-2.1.2.tgz 0ms (cache hit)
42 http cache send@https://registry.npmjs.org/send/-/send-0.19.2.tgz 0ms (cache hit)
43 http cache require-directory@https://registry.npmjs.org/require-directory/-/require-directory-2.1.1.tgz 0ms (cache hit)
44 http cache serve-static@https://registry.npmjs.org/serve-static/-/serve-static-1.16.3.tgz 0ms (cache hit)
45 http cache range-parser@https://registry.npmjs.org/range-parser/-/range-parser-1.2.1.tgz 0ms (cache hit)
46 http cache safe-buffer@https://registry.npmjs.org/safe-buffer/-/safe-buffer-5.2.1.tgz 0ms (cache hit)
47 http cache rxjs@https://registry.npmjs.org/rxjs/-/rxjs-7.8.2.tgz 0ms (cache hit)
48 http cache qs@https://registry.npmjs.org/qs/-/qs-6.14.2.tgz 0ms (cache hit)
49 http cache parseurl@https://registry.npmjs.org/parseurl/-/parseurl-1.3.3.tgz 0ms (cache hit)
50 http cache raw-body@https://registry.npmjs.org/raw-body/-/raw-body-2.5.3.tgz 1ms (cache hit)
51 http cache path-to-regexp@https://registry.npmjs.org/path-to-regexp/-/path-to-regexp-0.1.12.tgz 0ms (cache hit)
52 http cache proxy-addr@https://registry.npmjs.org/proxy-addr/-/proxy-addr-2.0.7.tgz 0ms (cache hit)
53 http cache on-finished@https://registry.npmjs.org/on-finished/-/on-finished-2.4.1.tgz 0ms (cache hit)
54 http cache methods@https://registry.npmjs.org/methods/-/methods-1.1.2.tgz 0ms (cache hit)
55 http cache negotiator@https://registry.npmjs.org/negotiator/-/negotiator-0.6.3.tgz 0ms (cache hit)
56 http cache mime@https://registry.npmjs.org/mime/-/mime-1.6.0.tgz 0ms (cache hit)
57 http cache mime-types@https://registry.npmjs.org/mime-types/-/mime-types-2.1.35.tgz 0ms (cache hit)
58 http cache object-inspect@https://registry.npmjs.org/object-inspect/-/object-inspect-1.13.4.tgz 0ms (cache hit)
59 http cache mime-db@https://registry.npmjs.org/mime-db/-/mime-db-1.52.0.tgz 0ms (cache hit)
60 http cache media-typer@https://registry.npmjs.org/media-typer/-/media-typer-0.3.0.tgz 0ms (cache hit)
61 http cache math-intrinsics@https://registry.npmjs.org/math-intrinsics/-/math-intrinsics-1.1.0.tgz 0ms (cache hit)
62 http cache merge-descriptors@https://registry.npmjs.org/merge-descriptors/-/merge-descriptors-1.0.3.tgz 0ms (cache hit)
63 http cache is-fullwidth-code-point@https://registry.npmjs.org/is-fullwidth-code-point/-/is-fullwidth-code-point-3.0.0.tgz 0ms (cache hit)
64 http cache ipaddr.js@https://registry.npmjs.org/ipaddr.js/-/ipaddr.js-1.9.1.tgz 0ms (cache hit)
65 http cache inherits@https://registry.npmjs.org/inherits/-/inherits-2.0.4.tgz 0ms (cache hit)
66 http cache iconv-lite@https://registry.npmjs.org/iconv-lite/-/iconv-lite-0.4.24.tgz 0ms (cache hit)
67 http cache has-symbols@https://registry.npmjs.org/has-symbols/-/has-symbols-1.1.0.tgz 0ms (cache hit)
68 http cache http-errors@https://registry.npmjs.org/http-errors/-/http-errors-2.0.1.tgz 0ms (cache hit)
69 http cache get-proto@https://registry.npmjs.org/get-proto/-/get-proto-1.0.1.tgz 0ms (cache hit)
70 http cache has-flag@https://registry.npmjs.org/has-flag/-/has-flag-4.0.0.tgz 0ms (cache hit)
71 http cache fresh@https://registry.npmjs.org/fresh/-/fresh-0.5.2.tgz 0ms (cache hit)
72 http cache get-caller-file@https://registry.npmjs.org/get-caller-file/-/get-caller-file-2.0.5.tgz 0ms (cache hit)
73 http cache get-intrinsic@https://registry.npmjs.org/get-intrinsic/-/get-intrinsic-1.3.0.tgz 0ms (cache hit)
74 http cache gopd@https://registry.npmjs.org/gopd/-/gopd-1.2.0.tgz 0ms (cache hit)
75 http cache es-object-atoms@https://registry.npmjs.org/es-object-atoms/-/es-object-atoms-1.1.1.tgz 0ms (cache hit)
76 http cache express@https://registry.npmjs.org/express/-/express-4.22.1.tgz 0ms (cache hit)
77 http cache forwarded@https://registry.npmjs.org/forwarded/-/forwarded-0.2.0.tgz 0ms (cache hit)
78 http cache finalhandler@https://registry.npmjs.org/finalhandler/-/finalhandler-1.3.2.tgz 0ms (cache hit)
79 http cache etag@https://registry.npmjs.org/etag/-/etag-1.8.1.tgz 0ms (cache hit)
80 http cache escape-html@https://registry.npmjs.org/escape-html/-/escape-html-1.0.3.tgz 0ms (cache hit)
81 http cache encodeurl@https://registry.npmjs.org/encodeurl/-/encodeurl-2.0.0.tgz 0ms (cache hit)
82 http cache es-define-property@https://registry.npmjs.org/es-define-property/-/es-define-property-1.0.1.tgz 0ms (cache hit)
83 http cache emoji-regex@https://registry.npmjs.org/emoji-regex/-/emoji-regex-8.0.0.tgz 0ms (cache hit)
84 http cache ee-first@https://registry.npmjs.org/ee-first/-/ee-first-1.1.1.tgz 0ms (cache hit)
85 http cache es-errors@https://registry.npmjs.org/es-errors/-/es-errors-1.3.0.tgz 0ms (cache hit)
86 http cache dotenv@https://registry.npmjs.org/dotenv/-/dotenv-16.6.1.tgz 0ms (cache hit)
87 http cache destroy@https://registry.npmjs.org/destroy/-/destroy-1.2.0.tgz 0ms (cache hit)
88 http cache dunder-proto@https://registry.npmjs.org/dunder-proto/-/dunder-proto-1.0.1.tgz 0ms (cache hit)
89 http cache depd@https://registry.npmjs.org/depd/-/depd-2.0.0.tgz 0ms (cache hit)
90 http cache cookie-signature@https://registry.npmjs.org/cookie-signature/-/cookie-signature-1.0.7.tgz 0ms (cache hit)
91 http cache cookie@https://registry.npmjs.org/cookie/-/cookie-0.7.2.tgz 0ms (cache hit)
92 http cache cors@https://registry.npmjs.org/cors/-/cors-2.8.6.tgz 0ms (cache hit)
93 http cache content-type@https://registry.npmjs.org/content-type/-/content-type-1.0.5.tgz 0ms (cache hit)
94 http cache concurrently@https://registry.npmjs.org/concurrently/-/concurrently-9.2.1.tgz 0ms (cache hit)
95 http cache content-disposition@https://registry.npmjs.org/content-disposition/-/content-disposition-0.5.4.tgz 0ms (cache hit)
96 http cache color-convert@https://registry.npmjs.org/color-convert/-/color-convert-2.0.1.tgz 0ms (cache hit)
97 http cache color-name@https://registry.npmjs.org/color-name/-/color-name-1.1.4.tgz 0ms (cache hit)
98 http cache chalk@https://registry.npmjs.org/chalk/-/chalk-4.1.2.tgz 0ms (cache hit)
99 http cache call-bound@https://registry.npmjs.org/call-bound/-/call-bound-1.0.4.tgz 0ms (cache hit)
100 http cache cliui@https://registry.npmjs.org/cliui/-/cliui-8.0.1.tgz 0ms (cache hit)
101 http cache bytes@https://registry.npmjs.org/bytes/-/bytes-3.1.2.tgz 0ms (cache hit)
102 http cache debug@https://registry.npmjs.org/debug/-/debug-2.6.9.tgz 0ms (cache hit)
103 http cache body-parser@https://registry.npmjs.org/body-parser/-/body-parser-1.20.4.tgz 0ms (cache hit)
104 http cache array-flatten@https://registry.npmjs.org/array-flatten/-/array-flatten-1.1.1.tgz 0ms (cache hit)
105 http cache ansi-styles@https://registry.npmjs.org/ansi-styles/-/ansi-styles-4.3.0.tgz 0ms (cache hit)
106 http cache @google/generative-ai@https://registry.npmjs.org/@google/generative-ai/-/generative-ai-0.24.1.tgz 0ms (cache hit)
107 http cache ms@https://registry.npmjs.org/ms/-/ms-2.0.0.tgz 0ms (cache hit)
108 http cache call-bind-apply-helpers@https://registry.npmjs.org/call-bind-apply-helpers/-/call-bind-apply-helpers-1.0.2.tgz 0ms (cache hit)
109 http cache ms@https://registry.npmjs.org/ms/-/ms-2.0.0.tgz 0ms (cache hit)
110 http cache accepts@https://registry.npmjs.org/accepts/-/accepts-1.3.8.tgz 0ms (cache hit)
111 http cache ansi-regex@https://registry.npmjs.org/ansi-regex/-/ansi-regex-5.0.1.tgz 0ms (cache hit)
112 http cache debug@https://registry.npmjs.org/debug/-/debug-2.6.9.tgz 0ms (cache hit)
113 http cache ms@https://registry.npmjs.org/ms/-/ms-2.0.0.tgz 0ms (cache hit)
114 silly tarball no local data for yargs-parser@https://registry.npmjs.org/yargs-parser/-/yargs-parser-21.1.1.tgz. Extracting by manifest.
115 http cache ms@https://registry.npmjs.org/ms/-/ms-2.0.0.tgz 0ms (cache hit)
116 http cache debug@https://registry.npmjs.org/debug/-/debug-2.6.9.tgz 0ms (cache hit)
117 http cache debug@https://registry.npmjs.org/debug/-/debug-2.6.9.tgz 0ms (cache hit)
118 silly tarball no local data for yargs@https://registry.npmjs.org/yargs/-/yargs-17.7.2.tgz. Extracting by manifest.
119 http cache supports-color@https://registry.npmjs.org/supports-color/-/supports-color-7.2.0.tgz 0ms (cache hit)
120 silly tarball no local data for y18n@https://registry.npmjs.org/y18n/-/y18n-5.0.8.tgz. Extracting by manifest.
121 silly tarball no local data for vary@https://registry.npmjs.org/vary/-/vary-1.1.2.tgz. Extracting by manifest.
122 silly tarball no local data for utils-merge@https://registry.npmjs.org/utils-merge/-/utils-merge-1.0.1.tgz. Extracting by manifest.
123 silly tarball no local data for unpipe@https://registry.npmjs.org/unpipe/-/unpipe-1.0.0.tgz. Extracting by manifest.
124 silly tarball no local data for wrap-ansi@https://registry.npmjs.org/wrap-ansi/-/wrap-ansi-7.0.0.tgz. Extracting by manifest.
125 silly tarball no local data for type-is@https://registry.npmjs.org/type-is/-/type-is-1.6.18.tgz. Extracting by manifest.
126 silly tarball no local data for tree-kill@https://registry.npmjs.org/tree-kill/-/tree-kill-1.2.2.tgz. Extracting by manifest.
127 silly tarball no local data for string-width@https://registry.npmjs.org/string-width/-/string-width-4.2.3.tgz. Extracting by manifest.
128 silly tarball no local data for strip-ansi@https://registry.npmjs.org/strip-ansi/-/strip-ansi-6.0.1.tgz. Extracting by manifest.
129 silly tarball no local data for supports-color@https://registry.npmjs.org/supports-color/-/supports-color-8.1.1.tgz. Extracting by manifest.
130 silly tarball no local data for toidentifier@https://registry.npmjs.org/toidentifier/-/toidentifier-1.0.1.tgz. Extracting by manifest.
131 silly tarball no local data for statuses@https://registry.npmjs.org/statuses/-/statuses-2.0.2.tgz. Extracting by manifest.
132 silly tarball no local data for side-channel-weakmap@https://registry.npmjs.org/side-channel-weakmap/-/side-channel-weakmap-1.0.2.tgz. Extracting by manifest.
133 silly tarball no local data for side-channel-list@https://registry.npmjs.org/side-channel-list/-/side-channel-list-1.0.0.tgz. Extracting by manifest.
134 silly tarball no local data for shell-quote@https://registry.npmjs.org/shell-quote/-/shell-quote-1.8.3.tgz. Extracting by manifest.
135 silly tarball no local data for side-channel@https://registry.npmjs.org/side-channel/-/side-channel-1.1.0.tgz. Extracting by manifest.
136 silly tarball no local data for side-channel-map@https://registry.npmjs.org/side-channel-map/-/side-channel-map-1.0.1.tgz. Extracting by manifest.
137 silly tarball no local data for setprototypeof@https://registry.npmjs.org/setprototypeof/-/setprototypeof-1.2.0.tgz. Extracting by manifest.
138 silly tarball no local data for safer-buffer@https://registry.npmjs.org/safer-buffer/-/safer-buffer-2.1.2.tgz. Extracting by manifest.
139 silly tarball no local data for send@https://registry.npmjs.org/send/-/send-0.19.2.tgz. Extracting by manifest.
140 silly tarball no local data for require-directory@https://registry.npmjs.org/require-directory/-/require-directory-2.1.1.tgz. Extracting by manifest.
141 silly tarball no local data for serve-static@https://registry.npmjs.org/serve-static/-/serve-static-1.16.3.tgz. Extracting by manifest.
142 silly tarball no local data for range-parser@https://registry.npmjs.org/range-parser/-/range-parser-1.2.1.tgz. Extracting by manifest.
143 silly tarball no local data for safe-buffer@https://registry.npmjs.org/safe-buffer/-/safe-buffer-5.2.1.tgz. Extracting by manifest.
144 silly tarball no local data for rxjs@https://registry.npmjs.org/rxjs/-/rxjs-7.8.2.tgz. Extracting by manifest.
145 silly tarball no local data for qs@https://registry.npmjs.org/qs/-/qs-6.14.2.tgz. Extracting by manifest.
146 silly tarball no local data for parseurl@https://registry.npmjs.org/parseurl/-/parseurl-1.3.3.tgz. Extracting by manifest.
147 silly tarball no local data for raw-body@https://registry.npmjs.org/raw-body/-/raw-body-2.5.3.tgz. Extracting by manifest.
148 silly tarball no local data for path-to-regexp@https://registry.npmjs.org/path-to-regexp/-/path-to-regexp-0.1.12.tgz. Extracting by manifest.
149 silly tarball no local data for proxy-addr@https://registry.npmjs.org/proxy-addr/-/proxy-addr-2.0.7.tgz. Extracting by manifest.
150 silly tarball no local data for on-finished@https://registry.npmjs.org/on-finished/-/on-finished-2.4.1.tgz. Extracting by manifest.
151 silly tarball no local data for methods@https://registry.npmjs.org/methods/-/methods-1.1.2.tgz. Extracting by manifest.
152 silly tarball no local data for negotiator@https://registry.npmjs.org/negotiator/-/negotiator-0.6.3.tgz. Extracting by manifest.
153 silly tarball no local data for mime@https://registry.npmjs.org/mime/-/mime-1.6.0.tgz. Extracting by manifest.
154 silly tarball no local data for mime-types@https://registry.npmjs.org/mime-types/-/mime-types-2.1.35.tgz. Extracting by manifest.
155 silly tarball no local data for object-inspect@https://registry.npmjs.org/object-inspect/-/object-inspect-1.13.4.tgz. Extracting by manifest.
156 silly tarball no local data for mime-db@https://registry.npmjs.org/mime-db/-/mime-db-1.52.0.tgz. Extracting by manifest.
157 silly tarball no local data for media-typer@https://registry.npmjs.org/media-typer/-/media-typer-0.3.0.tgz. Extracting by manifest.
158 silly tarball no local data for math-intrinsics@https://registry.npmjs.org/math-intrinsics/-/math-intrinsics-1.1.0.tgz. Extracting by manifest.
159 silly tarball no local data for merge-descriptors@https://registry.npmjs.org/merge-descriptors/-/merge-descriptors-1.0.3.tgz. Extracting by manifest.
160 silly tarball no local data for is-fullwidth-code-point@https://registry.npmjs.org/is-fullwidth-code-point/-/is-fullwidth-code-point-3.0.0.tgz. Extracting by manifest.
161 silly tarball no local data for ipaddr.js@https://registry.npmjs.org/ipaddr.js/-/ipaddr.js-1.9.1.tgz. Extracting by manifest.
162 silly tarball no local data for inherits@https://registry.npmjs.org/inherits/-/inherits-2.0.4.tgz. Extracting by manifest.
163 silly tarball no local data for iconv-lite@https://registry.npmjs.org/iconv-lite/-/iconv-lite-0.4.24.tgz. Extracting by manifest.
164 silly tarball no local data for has-symbols@https://registry.npmjs.org/has-symbols/-/has-symbols-1.1.0.tgz. Extracting by manifest.
165 silly tarball no local data for http-errors@https://registry.npmjs.org/http-errors/-/http-errors-2.0.1.tgz. Extracting by manifest.
166 silly tarball no local data for get-proto@https://registry.npmjs.org/get-proto/-/get-proto-1.0.1.tgz. Extracting by manifest.
167 silly tarball no local data for has-flag@https://registry.npmjs.org/has-flag/-/has-flag-4.0.0.tgz. Extracting by manifest.
168 silly tarball no local data for fresh@https://registry.npmjs.org/fresh/-/fresh-0.5.2.tgz. Extracting by manifest.
169 silly tarball no local data for get-caller-file@https://registry.npmjs.org/get-caller-file/-/get-caller-file-2.0.5.tgz. Extracting by manifest.
170 silly tarball no local data for get-intrinsic@https://registry.npmjs.org/get-intrinsic/-/get-intrinsic-1.3.0.tgz. Extracting by manifest.
171 silly tarball no local data for gopd@https://registry.npmjs.org/gopd/-/gopd-1.2.0.tgz. Extracting by manifest.
172 silly tarball no local data for es-object-atoms@https://registry.npmjs.org/es-object-atoms/-/es-object-atoms-1.1.1.tgz. Extracting by manifest.
173 silly tarball no local data for express@https://registry.npmjs.org/express/-/express-4.22.1.tgz. Extracting by manifest.
174 silly tarball no local data for forwarded@https://registry.npmjs.org/forwarded/-/forwarded-0.2.0.tgz. Extracting by manifest.
175 silly tarball no local data for finalhandler@https://registry.npmjs.org/finalhandler/-/finalhandler-1.3.2.tgz. Extracting by manifest.
176 silly tarball no local data for etag@https://registry.npmjs.org/etag/-/etag-1.8.1.tgz. Extracting by manifest.
177 silly tarball no local data for escape-html@https://registry.npmjs.org/escape-html/-/escape-html-1.0.3.tgz. Extracting by manifest.
178 silly tarball no local data for encodeurl@https://registry.npmjs.org/encodeurl/-/encodeurl-2.0.0.tgz. Extracting by manifest.
179 silly tarball no local data for es-define-property@https://registry.npmjs.org/es-define-property/-/es-define-property-1.0.1.tgz. Extracting by manifest.
180 silly tarball no local data for emoji-regex@https://registry.npmjs.org/emoji-regex/-/emoji-regex-8.0.0.tgz. Extracting by manifest.
181 silly tarball no local data for ee-first@https://registry.npmjs.org/ee-first/-/ee-first-1.1.1.tgz. Extracting by manifest.
182 silly tarball no local data for es-errors@https://registry.npmjs.org/es-errors/-/es-errors-1.3.0.tgz. Extracting by manifest.
183 silly tarball no local data for dotenv@https://registry.npmjs.org/dotenv/-/dotenv-16.6.1.tgz. Extracting by manifest.
184 silly tarball no local data for destroy@https://registry.npmjs.org/destroy/-/destroy-1.2.0.tgz. Extracting by manifest.
185 silly tarball no local data for dunder-proto@https://registry.npmjs.org/dunder-proto/-/dunder-proto-1.0.1.tgz. Extracting by manifest.
186 silly tarball no local data for depd@https://registry.npmjs.org/depd/-/depd-2.0.0.tgz. Extracting by manifest.
187 silly tarball no local data for cookie-signature@https://registry.npmjs.org/cookie-signature/-/cookie-signature-1.0.7.tgz. Extracting by manifest.
188 silly tarball no local data for cookie@https://registry.npmjs.org/cookie/-/cookie-0.7.2.tgz. Extracting by manifest.
189 silly tarball no local data for cors@https://registry.npmjs.org/cors/-/cors-2.8.6.tgz. Extracting by manifest.
190 silly tarball no local data for content-type@https://registry.npmjs.org/content-type/-/content-type-1.0.5.tgz. Extracting by manifest.
191 silly tarball no local data for concurrently@https://registry.npmjs.org/concurrently/-/concurrently-9.2.1.tgz. Extracting by manifest.
192 silly tarball no local data for content-disposition@https://registry.npmjs.org/content-disposition/-/content-disposition-0.5.4.tgz. Extracting by manifest.
193 silly tarball no local data for color-convert@https://registry.npmjs.org/color-convert/-/color-convert-2.0.1.tgz. Extracting by manifest.
194 silly tarball no local data for color-name@https://registry.npmjs.org/color-name/-/color-name-1.1.4.tgz. Extracting by manifest.
195 silly tarball no local data for chalk@https://registry.npmjs.org/chalk/-/chalk-4.1.2.tgz. Extracting by manifest.
196 silly tarball no local data for call-bound@https://registry.npmjs.org/call-bound/-/call-bound-1.0.4.tgz. Extracting by manifest.
197 silly tarball no local data for cliui@https://registry.npmjs.org/cliui/-/cliui-8.0.1.tgz. Extracting by manifest.
198 silly tarball no local data for bytes@https://registry.npmjs.org/bytes/-/bytes-3.1.2.tgz. Extracting by manifest.
199 silly tarball no local data for debug@https://registry.npmjs.org/debug/-/debug-2.6.9.tgz. Extracting by manifest.
200 silly tarball no local data for body-parser@https://registry.npmjs.org/body-parser/-/body-parser-1.20.4.tgz. Extracting by manifest.
201 silly tarball no local data for array-flatten@https://registry.npmjs.org/array-flatten/-/array-flatten-1.1.1.tgz. Extracting by manifest.
202 silly tarball no local data for ansi-styles@https://registry.npmjs.org/ansi-styles/-/ansi-styles-4.3.0.tgz. Extracting by manifest.
203 silly tarball no local data for @google/generative-ai@https://registry.npmjs.org/@google/generative-ai/-/generative-ai-0.24.1.tgz. Extracting by manifest.
204 silly tarball no local data for ms@https://registry.npmjs.org/ms/-/ms-2.0.0.tgz. Extracting by manifest.
205 silly tarball no local data for call-bind-apply-helpers@https://registry.npmjs.org/call-bind-apply-helpers/-/call-bind-apply-helpers-1.0.2.tgz. Extracting by manifest.
206 silly tarball no local data for ms@https://registry.npmjs.org/ms/-/ms-2.0.0.tgz. Extracting by manifest.
207 silly tarball no local data for accepts@https://registry.npmjs.org/accepts/-/accepts-1.3.8.tgz. Extracting by manifest.
208 silly tarball no local data for ansi-regex@https://registry.npmjs.org/ansi-regex/-/ansi-regex-5.0.1.tgz. Extracting by manifest.
209 silly tarball no local data for debug@https://registry.npmjs.org/debug/-/debug-2.6.9.tgz. Extracting by manifest.
210 silly tarball no local data for ms@https://registry.npmjs.org/ms/-/ms-2.0.0.tgz. Extracting by manifest.
211 silly tarball no local data for ms@https://registry.npmjs.org/ms/-/ms-2.0.0.tgz. Extracting by manifest.
212 silly tarball no local data for debug@https://registry.npmjs.org/debug/-/debug-2.6.9.tgz. Extracting by manifest.
213 silly tarball no local data for debug@https://registry.npmjs.org/debug/-/debug-2.6.9.tgz. Extracting by manifest.
214 silly tarball no local data for supports-color@https://registry.npmjs.org/supports-color/-/supports-color-7.2.0.tgz. Extracting by manifest.
215 http fetch GET https://registry.npmjs.org/yargs-parser/-/yargs-parser-21.1.1.tgz attempt 1 failed with EACCES
216 http fetch GET https://registry.npmjs.org/yargs/-/yargs-17.7.2.tgz attempt 1 failed with EACCES
217 http fetch GET https://registry.npmjs.org/y18n/-/y18n-5.0.8.tgz attempt 1 failed with EACCES
218 http fetch GET https://registry.npmjs.org/vary/-/vary-1.1.2.tgz attempt 1 failed with EACCES
219 http fetch GET https://registry.npmjs.org/utils-merge/-/utils-merge-1.0.1.tgz attempt 1 failed with EACCES
220 http fetch GET https://registry.npmjs.org/unpipe/-/unpipe-1.0.0.tgz attempt 1 failed with EACCES
221 http fetch GET https://registry.npmjs.org/wrap-ansi/-/wrap-ansi-7.0.0.tgz attempt 1 failed with EACCES
222 http fetch GET https://registry.npmjs.org/type-is/-/type-is-1.6.18.tgz attempt 1 failed with EACCES
223 http fetch GET https://registry.npmjs.org/tree-kill/-/tree-kill-1.2.2.tgz attempt 1 failed with EACCES
224 http fetch GET https://registry.npmjs.org/string-width/-/string-width-4.2.3.tgz attempt 1 failed with EACCES
225 http fetch GET https://registry.npmjs.org/strip-ansi/-/strip-ansi-6.0.1.tgz attempt 1 failed with EACCES
226 http fetch GET https://registry.npmjs.org/supports-color/-/supports-color-8.1.1.tgz attempt 1 failed with EACCES
227 http fetch GET https://registry.npmjs.org/toidentifier/-/toidentifier-1.0.1.tgz attempt 1 failed with EACCES
228 http fetch GET https://registry.npmjs.org/statuses/-/statuses-2.0.2.tgz attempt 1 failed with EACCES
229 http fetch GET https://registry.npmjs.org/side-channel-weakmap/-/side-channel-weakmap-1.0.2.tgz attempt 1 failed with EACCES
230 http fetch GET https://registry.npmjs.org/npm attempt 2 failed with EACCES
231 http fetch GET https://registry.npmjs.org/yargs-parser/-/yargs-parser-21.1.1.tgz attempt 2 failed with EACCES
232 http fetch GET https://registry.npmjs.org/yargs/-/yargs-17.7.2.tgz attempt 2 failed with EACCES
233 http fetch GET https://registry.npmjs.org/y18n/-/y18n-5.0.8.tgz attempt 2 failed with EACCES
234 http fetch GET https://registry.npmjs.org/vary/-/vary-1.1.2.tgz attempt 2 failed with EACCES
235 http fetch GET https://registry.npmjs.org/utils-merge/-/utils-merge-1.0.1.tgz attempt 2 failed with EACCES
236 http fetch GET https://registry.npmjs.org/unpipe/-/unpipe-1.0.0.tgz attempt 2 failed with EACCES
237 http fetch GET https://registry.npmjs.org/wrap-ansi/-/wrap-ansi-7.0.0.tgz attempt 2 failed with EACCES
238 http fetch GET https://registry.npmjs.org/type-is/-/type-is-1.6.18.tgz attempt 2 failed with EACCES
239 http fetch GET https://registry.npmjs.org/tree-kill/-/tree-kill-1.2.2.tgz attempt 2 failed with EACCES
240 http fetch GET https://registry.npmjs.org/string-width/-/string-width-4.2.3.tgz attempt 2 failed with EACCES
241 http fetch GET https://registry.npmjs.org/strip-ansi/-/strip-ansi-6.0.1.tgz attempt 2 failed with EACCES
242 http fetch GET https://registry.npmjs.org/supports-color/-/supports-color-8.1.1.tgz attempt 2 failed with EACCES
243 http fetch GET https://registry.npmjs.org/toidentifier/-/toidentifier-1.0.1.tgz attempt 2 failed with EACCES
244 http fetch GET https://registry.npmjs.org/statuses/-/statuses-2.0.2.tgz attempt 2 failed with EACCES
245 http fetch GET https://registry.npmjs.org/side-channel-weakmap/-/side-channel-weakmap-1.0.2.tgz attempt 2 failed with EACCES
246 http fetch GET https://registry.npmjs.org/npm attempt 3 failed with EACCES
247 http fetch GET https://registry.npmjs.org/yargs-parser/-/yargs-parser-21.1.1.tgz attempt 3 failed with EACCES
248 http fetch GET https://registry.npmjs.org/yargs/-/yargs-17.7.2.tgz attempt 3 failed with EACCES
249 http fetch GET https://registry.npmjs.org/y18n/-/y18n-5.0.8.tgz attempt 3 failed with EACCES
250 http fetch GET https://registry.npmjs.org/vary/-/vary-1.1.2.tgz attempt 3 failed with EACCES
251 http fetch GET https://registry.npmjs.org/utils-merge/-/utils-merge-1.0.1.tgz attempt 3 failed with EACCES
252 http fetch GET https://registry.npmjs.org/unpipe/-/unpipe-1.0.0.tgz attempt 3 failed with EACCES
253 http fetch GET https://registry.npmjs.org/wrap-ansi/-/wrap-ansi-7.0.0.tgz attempt 3 failed with EACCES
254 http fetch GET https://registry.npmjs.org/type-is/-/type-is-1.6.18.tgz attempt 3 failed with EACCES
255 http fetch GET https://registry.npmjs.org/tree-kill/-/tree-kill-1.2.2.tgz attempt 3 failed with EACCES
256 http fetch GET https://registry.npmjs.org/string-width/-/string-width-4.2.3.tgz attempt 3 failed with EACCES
257 http fetch GET https://registry.npmjs.org/strip-ansi/-/strip-ansi-6.0.1.tgz attempt 3 failed with EACCES
258 http fetch GET https://registry.npmjs.org/supports-color/-/supports-color-8.1.1.tgz attempt 3 failed with EACCES
259 http fetch GET https://registry.npmjs.org/toidentifier/-/toidentifier-1.0.1.tgz attempt 3 failed with EACCES
260 http fetch GET https://registry.npmjs.org/statuses/-/statuses-2.0.2.tgz attempt 3 failed with EACCES
261 http fetch GET https://registry.npmjs.org/side-channel-weakmap/-/side-channel-weakmap-1.0.2.tgz attempt 3 failed with EACCES
262 verbose cwd D:\oxytrace
263 verbose os Windows_NT 10.0.26300
264 verbose node v24.11.1
265 verbose npm  v11.8.0
266 error Exit handler never called!
267 error This is an error with npm itself. Please report this error at:
268 error   <https://github.com/npm/cli/issues>
269 verbose exit 1
270 verbose code 1
271 error A complete log of this run can be found in: D:\oxytrace\.npm-cache\_logs\2026-03-18T06_39_52_979Z-debug-0.log
