0 verbose cli C:\Program Files\nodejs\node.exe C:\Users\sathy\AppData\Roaming\npm\node_modules\npm\bin\npm-cli.js
1 info using npm@11.8.0
2 info using node@v24.11.1
3 silly config load:file:C:\Users\sathy\AppData\Roaming\npm\node_modules\npm\npmrc
4 silly config load:file:D:\oxytrace\.npmrc
5 silly config load:file:C:\Users\sathy\.npmrc
6 silly config load:file:C:\Users\sathy\AppData\Roaming\npm\etc\npmrc
7 verbose title npm install
8 verbose argv "install" "--cache" "D:\\oxytrace\\.npm-cache"
9 verbose logfile logs-max:10 dir:D:\oxytrace\.npm-cache\_logs\2026-03-18T06_41_36_305Z-
10 verbose logfile D:\oxytrace\.npm-cache\_logs\2026-03-18T06_41_36_305Z-debug-0.log
11 silly logfile done cleaning log files
12 silly packumentCache heap:4496293888 maxSize:1124073472 maxEntrySize:562036736
13 verbose shrinkwrap failed to load node_modules/.package-lock.json out of date, updated: node_modules
14 silly idealTree buildDeps
15 silly reify mark retired [ 'D:\\oxytrace\\node_modules\\accepts' ]
16 silly reify mark retired [ 'D:\\oxytrace\\node_modules\\ansi-styles' ]
17 silly reify mark retired [ 'D:\\oxytrace\\node_modules\\array-flatten' ]
18 silly reify mark retired [ 'D:\\oxytrace\\node_modules\\ansi-regex' ]
19 silly reify mark retired [ 'D:\\oxytrace\\node_modules\\body-parser' ]
20 silly reify mark retired [ 'D:\\oxytrace\\node_modules\\call-bind-apply-helpers' ]
21 silly reify mark retired [ 'D:\\oxytrace\\node_modules\\bytes' ]
22 silly reify mark retired [ 'D:\\oxytrace\\node_modules\\call-bound' ]
23 silly reify mark retired [ 'D:\\oxytrace\\node_modules\\chalk' ]
24 silly reify mark retired [ 'D:\\oxytrace\\node_modules\\cliui' ]
25 silly reify mark retired [ 'D:\\oxytrace\\node_modules\\color-name' ]
26 silly reify mark retired [ 'D:\\oxytrace\\node_modules\\concurrently' ]
27 silly reify mark retired [ 'D:\\oxytrace\\node_modules\\color-convert' ]
28 silly reify mark retired [ 'D:\\oxytrace\\node_modules\\content-disposition' ]
29 silly reify mark retired [ 'D:\\oxytrace\\node_modules\\content-type' ]
30 silly reify mark retired [ 'D:\\oxytrace\\node_modules\\cookie' ]
31 silly reify mark retired [ 'D:\\oxytrace\\node_modules\\cookie-signature' ]
32 silly reify mark retired [ 'D:\\oxytrace\\node_modules\\cors' ]
33 silly reify mark retired [ 'D:\\oxytrace\\node_modules\\depd' ]
34 silly reify mark retired [ 'D:\\oxytrace\\node_modules\\destroy' ]
35 silly reify mark retired [ 'D:\\oxytrace\\node_modules\\dotenv' ]
36 silly reify mark retired [ 'D:\\oxytrace\\node_modules\\dunder-proto' ]
37 silly reify mark retired [ 'D:\\oxytrace\\node_modules\\encodeurl' ]
38 silly reify mark retired [ 'D:\\oxytrace\\node_modules\\emoji-regex' ]
39 silly reify mark retired [ 'D:\\oxytrace\\node_modules\\es-define-property' ]
40 silly reify mark retired [ 'D:\\oxytrace\\node_modules\\ee-first' ]
41 silly reify mark retired [ 'D:\\oxytrace\\node_modules\\es-object-atoms' ]
42 silly reify mark retired [ 'D:\\oxytrace\\node_modules\\es-errors' ]
43 silly reify mark retired [ 'D:\\oxytrace\\node_modules\\escape-html' ]
44 silly reify mark retired [ 'D:\\oxytrace\\node_modules\\etag' ]
45 silly reify mark retired [ 'D:\\oxytrace\\node_modules\\express' ]
46 silly reify mark retired [ 'D:\\oxytrace\\node_modules\\finalhandler' ]
47 silly reify mark retired [ 'D:\\oxytrace\\node_modules\\forwarded' ]
48 silly reify mark retired [ 'D:\\oxytrace\\node_modules\\fresh' ]
49 silly reify mark retired [ 'D:\\oxytrace\\node_modules\\get-caller-file' ]
50 silly reify mark retired [ 'D:\\oxytrace\\node_modules\\get-intrinsic' ]
51 silly reify mark retired [ 'D:\\oxytrace\\node_modules\\get-proto' ]
52 silly reify mark retired [ 'D:\\oxytrace\\node_modules\\gopd' ]
53 silly reify mark retired [ 'D:\\oxytrace\\node_modules\\has-symbols' ]
54 silly reify mark retired [ 'D:\\oxytrace\\node_modules\\has-flag' ]
55 silly reify mark retired [ 'D:\\oxytrace\\node_modules\\http-errors' ]
56 silly reify mark retired [ 'D:\\oxytrace\\node_modules\\iconv-lite' ]
57 silly reify mark retired [ 'D:\\oxytrace\\node_modules\\ipaddr.js' ]
58 silly reify mark retired [ 'D:\\oxytrace\\node_modules\\inherits' ]
59 silly reify mark retired [ 'D:\\oxytrace\\node_modules\\is-fullwidth-code-point' ]
60 silly reify mark retired [ 'D:\\oxytrace\\node_modules\\math-intrinsics' ]
61 silly reify mark retired [ 'D:\\oxytrace\\node_modules\\media-typer' ]
62 silly reify mark retired [ 'D:\\oxytrace\\node_modules\\merge-descriptors' ]
63 silly reify mark retired [ 'D:\\oxytrace\\node_modules\\methods' ]
64 silly reify mark retired [ 'D:\\oxytrace\\node_modules\\mime-db' ]
65 silly reify mark retired [ 'D:\\oxytrace\\node_modules\\mime' ]
66 silly reify mark retired [ 'D:\\oxytrace\\node_modules\\mime-types' ]
67 silly reify mark retired [ 'D:\\oxytrace\\node_modules\\negotiator' ]
68 silly reify mark retired [ 'D:\\oxytrace\\node_modules\\object-inspect' ]
69 silly reify mark retired [ 'D:\\oxytrace\\node_modules\\parseurl' ]
70 silly reify mark retired [ 'D:\\oxytrace\\node_modules\\on-finished' ]
71 silly reify mark retired [ 'D:\\oxytrace\\node_modules\\path-to-regexp' ]
72 silly reify mark retired [ 'D:\\oxytrace\\node_modules\\qs' ]
73 silly reify mark retired [ 'D:\\oxytrace\\node_modules\\proxy-addr' ]
74 silly reify mark retired [ 'D:\\oxytrace\\node_modules\\range-parser' ]
75 silly reify mark retired [ 'D:\\oxytrace\\node_modules\\raw-body' ]
76 silly reify mark retired [ 'D:\\oxytrace\\node_modules\\require-directory' ]
77 silly reify mark retired [ 'D:\\oxytrace\\node_modules\\rxjs' ]
78 silly reify mark retired [ 'D:\\oxytrace\\node_modules\\safe-buffer' ]
79 silly reify mark retired [ 'D:\\oxytrace\\node_modules\\send' ]
80 silly reify mark retired [ 'D:\\oxytrace\\node_modules\\serve-static' ]
81 silly reify mark retired [ 'D:\\oxytrace\\node_modules\\setprototypeof' ]
82 silly reify mark retired [ 'D:\\oxytrace\\node_modules\\shell-quote' ]
83 silly reify mark retired [ 'D:\\oxytrace\\node_modules\\safer-buffer' ]
84 silly reify mark retired [ 'D:\\oxytrace\\node_modules\\side-channel' ]
85 silly reify mark retired [ 'D:\\oxytrace\\node_modules\\side-channel-map' ]
86 silly reify mark retired [ 'D:\\oxytrace\\node_modules\\side-channel-weakmap' ]
87 silly reify mark retired [ 'D:\\oxytrace\\node_modules\\statuses' ]
88 silly reify mark retired [ 'D:\\oxytrace\\node_modules\\string-width' ]
89 silly reify mark retired [ 'D:\\oxytrace\\node_modules\\strip-ansi' ]
90 silly reify mark retired [ 'D:\\oxytrace\\node_modules\\side-channel-list' ]
91 silly reify mark retired [ 'D:\\oxytrace\\node_modules\\supports-color' ]
92 silly reify mark retired [ 'D:\\oxytrace\\node_modules\\toidentifier' ]
93 silly reify mark retired [ 'D:\\oxytrace\\node_modules\\tree-kill' ]
94 silly reify mark retired [ 'D:\\oxytrace\\node_modules\\type-is' ]
95 silly reify mark retired [ 'D:\\oxytrace\\node_modules\\unpipe' ]
96 silly reify mark retired [ 'D:\\oxytrace\\node_modules\\utils-merge' ]
97 silly reify mark retired [ 'D:\\oxytrace\\node_modules\\vary' ]
98 silly reify mark retired [ 'D:\\oxytrace\\node_modules\\wrap-ansi' ]
99 silly reify mark retired [ 'D:\\oxytrace\\node_modules\\y18n' ]
100 silly reify mark retired [ 'D:\\oxytrace\\node_modules\\yargs' ]
101 silly reify mark retired [ 'D:\\oxytrace\\node_modules\\yargs-parser' ]
102 silly reify mark retired [ 'D:\\oxytrace\\node_modules\\@google\\generative-ai' ]
103 silly reify moves {
103 silly reify   'D:\\oxytrace\\node_modules\\accepts': 'D:\\oxytrace\\node_modules\\.accepts-oZ1J2a1w',
103 silly reify   'D:\\oxytrace\\node_modules\\ansi-styles': 'D:\\oxytrace\\node_modules\\.ansi-styles-x5wtlz0K',
103 silly reify   'D:\\oxytrace\\node_modules\\array-flatten': 'D:\\oxytrace\\node_modules\\.array-flatten-m413GF9Z',
103 silly reify   'D:\\oxytrace\\node_modules\\ansi-regex': 'D:\\oxytrace\\node_modules\\.ansi-regex-mwh5z5S3',
103 silly reify   'D:\\oxytrace\\node_modules\\body-parser': 'D:\\oxytrace\\node_modules\\.body-parser-vWQC8WU2',
103 silly reify   'D:\\oxytrace\\node_modules\\call-bind-apply-helpers': 'D:\\oxytrace\\node_modules\\.call-bind-apply-helpers-yOXIx3dO',
103 silly reify   'D:\\oxytrace\\node_modules\\bytes': 'D:\\oxytrace\\node_modules\\.bytes-L23wT0OK',
103 silly reify   'D:\\oxytrace\\node_modules\\call-bound': 'D:\\oxytrace\\node_modules\\.call-bound-PYK5nBSk',
103 silly reify   'D:\\oxytrace\\node_modules\\chalk': 'D:\\oxytrace\\node_modules\\.chalk-O0j22X4g',
103 silly reify   'D:\\oxytrace\\node_modules\\cliui': 'D:\\oxytrace\\node_modules\\.cliui-lA9bn7zB',
103 silly reify   'D:\\oxytrace\\node_modules\\color-name': 'D:\\oxytrace\\node_modules\\.color-name-JnlSpd2t',
103 silly reify   'D:\\oxytrace\\node_modules\\concurrently': 'D:\\oxytrace\\node_modules\\.concurrently-wnv1bvxh',
103 silly reify   'D:\\oxytrace\\node_modules\\color-convert': 'D:\\oxytrace\\node_modules\\.color-convert-Sd9JNFRs',
103 silly reify   'D:\\oxytrace\\node_modules\\content-disposition': 'D:\\oxytrace\\node_modules\\.content-disposition-MMXlRSfB',
103 silly reify   'D:\\oxytrace\\node_modules\\content-type': 'D:\\oxytrace\\node_modules\\.content-type-gDprRD8A',
103 silly reify   'D:\\oxytrace\\node_modules\\cookie': 'D:\\oxytrace\\node_modules\\.cookie-B3vylYAk',
103 silly reify   'D:\\oxytrace\\node_modules\\cookie-signature': 'D:\\oxytrace\\node_modules\\.cookie-signature-vm0640S2',
103 silly reify   'D:\\oxytrace\\node_modules\\cors': 'D:\\oxytrace\\node_modules\\.cors-vmBlNuVQ',
103 silly reify   'D:\\oxytrace\\node_modules\\depd': 'D:\\oxytrace\\node_modules\\.depd-JHavhexo',
103 silly reify   'D:\\oxytrace\\node_modules\\destroy': 'D:\\oxytrace\\node_modules\\.destroy-UR1mXXZ3',
103 silly reify   'D:\\oxytrace\\node_modules\\dotenv': 'D:\\oxytrace\\node_modules\\.dotenv-OUm0UQVe',
103 silly reify   'D:\\oxytrace\\node_modules\\dunder-proto': 'D:\\oxytrace\\node_modules\\.dunder-proto-e5Jq7K7e',
103 silly reify   'D:\\oxytrace\\node_modules\\encodeurl': 'D:\\oxytrace\\node_modules\\.encodeurl-66I5TIg5',
103 silly reify   'D:\\oxytrace\\node_modules\\emoji-regex': 'D:\\oxytrace\\node_modules\\.emoji-regex-GqwO98jo',
103 silly reify   'D:\\oxytrace\\node_modules\\es-define-property': 'D:\\oxytrace\\node_modules\\.es-define-property-UilS4YBL',
103 silly reify   'D:\\oxytrace\\node_modules\\ee-first': 'D:\\oxytrace\\node_modules\\.ee-first-hlRUTUaw',
103 silly reify   'D:\\oxytrace\\node_modules\\es-object-atoms': 'D:\\oxytrace\\node_modules\\.es-object-atoms-f33frzg5',
103 silly reify   'D:\\oxytrace\\node_modules\\es-errors': 'D:\\oxytrace\\node_modules\\.es-errors-4nRKB4dV',
103 silly reify   'D:\\oxytrace\\node_modules\\escape-html': 'D:\\oxytrace\\node_modules\\.escape-html-SBPJMvUJ',
103 silly reify   'D:\\oxytrace\\node_modules\\etag': 'D:\\oxytrace\\node_modules\\.etag-jVH7FJm5',
103 silly reify   'D:\\oxytrace\\node_modules\\express': 'D:\\oxytrace\\node_modules\\.express-JxOBsdTn',
103 silly reify   'D:\\oxytrace\\node_modules\\finalhandler': 'D:\\oxytrace\\node_modules\\.finalhandler-Q6Wx4Zta',
103 silly reify   'D:\\oxytrace\\node_modules\\forwarded': 'D:\\oxytrace\\node_modules\\.forwarded-icKG4Au6',
103 silly reify   'D:\\oxytrace\\node_modules\\fresh': 'D:\\oxytrace\\node_modules\\.fresh-Kp8QLDjB',
103 silly reify   'D:\\oxytrace\\node_modules\\get-caller-file': 'D:\\oxytrace\\node_modules\\.get-caller-file-5Vp3Ccgi',
103 silly reify   'D:\\oxytrace\\node_modules\\get-intrinsic': 'D:\\oxytrace\\node_modules\\.get-intrinsic-iEnJnzCp',
103 silly reify   'D:\\oxytrace\\node_modules\\get-proto': 'D:\\oxytrace\\node_modules\\.get-proto-UhhFGWZM',
103 silly reify   'D:\\oxytrace\\node_modules\\gopd': 'D:\\oxytrace\\node_modules\\.gopd-czijiJTb',
103 silly reify   'D:\\oxytrace\\node_modules\\has-symbols': 'D:\\oxytrace\\node_modules\\.has-symbols-kq7eyS5F',
103 silly reify   'D:\\oxytrace\\node_modules\\has-flag': 'D:\\oxytrace\\node_modules\\.has-flag-8sXCZgNk',
103 silly reify   'D:\\oxytrace\\node_modules\\http-errors': 'D:\\oxytrace\\node_modules\\.http-errors-vOHrunzY',
103 silly reify   'D:\\oxytrace\\node_modules\\iconv-lite': 'D:\\oxytrace\\node_modules\\.iconv-lite-PWTWfE55',
103 silly reify   'D:\\oxytrace\\node_modules\\ipaddr.js': 'D:\\oxytrace\\node_modules\\.ipaddr.js-y34eWf7r',
103 silly reify   'D:\\oxytrace\\node_modules\\inherits': 'D:\\oxytrace\\node_modules\\.inherits-UL8tu3Uw',
103 silly reify   'D:\\oxytrace\\node_modules\\is-fullwidth-code-point': 'D:\\oxytrace\\node_modules\\.is-fullwidth-code-point-eo4jYxti',
103 silly reify   'D:\\oxytrace\\node_modules\\math-intrinsics': 'D:\\oxytrace\\node_modules\\.math-intrinsics-4azDxcUZ',
103 silly reify   'D:\\oxytrace\\node_modules\\media-typer': 'D:\\oxytrace\\node_modules\\.media-typer-JrUdy9xO',
103 silly reify   'D:\\oxytrace\\node_modules\\merge-descriptors': 'D:\\oxytrace\\node_modules\\.merge-descriptors-2APSvQGf',
103 silly reify   'D:\\oxytrace\\node_modules\\methods': 'D:\\oxytrace\\node_modules\\.methods-pXLDuaAD',
103 silly reify   'D:\\oxytrace\\node_modules\\mime-db': 'D:\\oxytrace\\node_modules\\.mime-db-xcHp9PKq',
103 silly reify   'D:\\oxytrace\\node_modules\\mime': 'D:\\oxytrace\\node_modules\\.mime-ZwVcFhj7',
103 silly reify   'D:\\oxytrace\\node_modules\\mime-types': 'D:\\oxytrace\\node_modules\\.mime-types-y9YB4bHh',
103 silly reify   'D:\\oxytrace\\node_modules\\negotiator': 'D:\\oxytrace\\node_modules\\.negotiator-ZlUFHTWT',
103 silly reify   'D:\\oxytrace\\node_modules\\object-inspect': 'D:\\oxytrace\\node_modules\\.object-inspect-i8kiDkZE',
103 silly reify   'D:\\oxytrace\\node_modules\\parseurl': 'D:\\oxytrace\\node_modules\\.parseurl-37OOql60',
103 silly reify   'D:\\oxytrace\\node_modules\\on-finished': 'D:\\oxytrace\\node_modules\\.on-finished-xYj75ebR',
103 silly reify   'D:\\oxytrace\\node_modules\\path-to-regexp': 'D:\\oxytrace\\node_modules\\.path-to-regexp-6fyEWj0e',
103 silly reify   'D:\\oxytrace\\node_modules\\qs': 'D:\\oxytrace\\node_modules\\.qs-evYyRHDm',
103 silly reify   'D:\\oxytrace\\node_modules\\proxy-addr': 'D:\\oxytrace\\node_modules\\.proxy-addr-LTv3P4jT',
103 silly reify   'D:\\oxytrace\\node_modules\\range-parser': 'D:\\oxytrace\\node_modules\\.range-parser-wI4uOY9L',
103 silly reify   'D:\\oxytrace\\node_modules\\raw-body': 'D:\\oxytrace\\node_modules\\.raw-body-Xnydtik9',
103 silly reify   'D:\\oxytrace\\node_modules\\require-directory': 'D:\\oxytrace\\node_modules\\.require-directory-I77t4zSa',
103 silly reify   'D:\\oxytrace\\node_modules\\rxjs': 'D:\\oxytrace\\node_modules\\.rxjs-OWawt0dB',
103 silly reify   'D:\\oxytrace\\node_modules\\safe-buffer': 'D:\\oxytrace\\node_modules\\.safe-buffer-NftkGqiF',
103 silly reify   'D:\\oxytrace\\node_modules\\send': 'D:\\oxytrace\\node_modules\\.send-kqV7d852',
103 silly reify   'D:\\oxytrace\\node_modules\\serve-static': 'D:\\oxytrace\\node_modules\\.serve-static-rYoLHs4n',
103 silly reify   'D:\\oxytrace\\node_modules\\setprototypeof': 'D:\\oxytrace\\node_modules\\.setprototypeof-HawARHSh',
103 silly reify   'D:\\oxytrace\\node_modules\\shell-quote': 'D:\\oxytrace\\node_modules\\.shell-quote-JGQoTnjd',
103 silly reify   'D:\\oxytrace\\node_modules\\safer-buffer': 'D:\\oxytrace\\node_modules\\.safer-buffer-qGnD25gQ',
103 silly reify   'D:\\oxytrace\\node_modules\\side-channel': 'D:\\oxytrace\\node_modules\\.side-channel-IkEI5DOW',
103 silly reify   'D:\\oxytrace\\node_modules\\side-channel-map': 'D:\\oxytrace\\node_modules\\.side-channel-map-BeAPjuuU',
103 silly reify   'D:\\oxytrace\\node_modules\\side-channel-weakmap': 'D:\\oxytrace\\node_modules\\.side-channel-weakmap-8bB6pxmT',
103 silly reify   'D:\\oxytrace\\node_modules\\statuses': 'D:\\oxytrace\\node_modules\\.statuses-je0K1eWl',
103 silly reify   'D:\\oxytrace\\node_modules\\string-width': 'D:\\oxytrace\\node_modules\\.string-width-9HX1VlEN',
103 silly reify   'D:\\oxytrace\\node_modules\\strip-ansi': 'D:\\oxytrace\\node_modules\\.strip-ansi-AWX1a7dS',
103 silly reify   'D:\\oxytrace\\node_modules\\side-channel-list': 'D:\\oxytrace\\node_modules\\.side-channel-list-kFiqTkC6',
103 silly reify   'D:\\oxytrace\\node_modules\\supports-color': 'D:\\oxytrace\\node_modules\\.supports-color-1IVPxUXW',
103 silly reify   'D:\\oxytrace\\node_modules\\toidentifier': 'D:\\oxytrace\\node_modules\\.toidentifier-buetYtCm',
103 silly reify   'D:\\oxytrace\\node_modules\\tree-kill': 'D:\\oxytrace\\node_modules\\.tree-kill-aJ4avzdF',
103 silly reify   'D:\\oxytrace\\node_modules\\type-is': 'D:\\oxytrace\\node_modules\\.type-is-Mf8gHLpC',
103 silly reify   'D:\\oxytrace\\node_modules\\unpipe': 'D:\\oxytrace\\node_modules\\.unpipe-0clQx0GB',
103 silly reify   'D:\\oxytrace\\node_modules\\utils-merge': 'D:\\oxytrace\\node_modules\\.utils-merge-sR4kh5N7',
103 silly reify   'D:\\oxytrace\\node_modules\\vary': 'D:\\oxytrace\\node_modules\\.vary-yACYZfYM',
103 silly reify   'D:\\oxytrace\\node_modules\\wrap-ansi': 'D:\\oxytrace\\node_modules\\.wrap-ansi-ZeIvQGhS',
103 silly reify   'D:\\oxytrace\\node_modules\\y18n': 'D:\\oxytrace\\node_modules\\.y18n-8ZgVwrKn',
103 silly reify   'D:\\oxytrace\\node_modules\\yargs': 'D:\\oxytrace\\node_modules\\.yargs-CrHIonz0',
103 silly reify   'D:\\oxytrace\\node_modules\\yargs-parser': 'D:\\oxytrace\\node_modules\\.yargs-parser-7UfAtHk2',
103 silly reify   'D:\\oxytrace\\node_modules\\@google\\generative-ai': 'D:\\oxytrace\\node_modules\\@google\\.generative-ai-DunpNBJG'
103 silly reify }
104 silly audit bulk request {
104 silly audit   'oxytrace-client': [ '0.1.0' ],
104 silly audit   '@alloc/quick-lru': [ '5.2.0' ],
104 silly audit   '@babel/code-frame': [ '7.29.0' ],
104 silly audit   '@babel/compat-data': [ '7.29.0' ],
104 silly audit   '@babel/core': [ '7.29.0' ],
104 silly audit   '@babel/generator': [ '7.29.1' ],
104 silly audit   '@babel/helper-compilation-targets': [ '7.28.6' ],
104 silly audit   '@babel/helper-globals': [ '7.28.0' ],
104 silly audit   '@babel/helper-module-imports': [ '7.28.6' ],
104 silly audit   '@babel/helper-module-transforms': [ '7.28.6' ],
104 silly audit   '@babel/helper-plugin-utils': [ '7.28.6' ],
104 silly audit   '@babel/helper-string-parser': [ '7.27.1' ],
104 silly audit   '@babel/helper-validator-identifier': [ '7.28.5' ],
104 silly audit   '@babel/helper-validator-option': [ '7.27.1' ],
104 silly audit   '@babel/helpers': [ '7.29.2' ],
104 silly audit   '@babel/parser': [ '7.29.2' ],
104 silly audit   '@babel/plugin-transform-react-jsx-self': [ '7.27.1' ],
104 silly audit   '@babel/plugin-transform-react-jsx-source': [ '7.27.1' ],
104 silly audit   '@babel/runtime': [ '7.29.2' ],
104 silly audit   '@babel/template': [ '7.28.6' ],
104 silly audit   '@babel/traverse': [ '7.29.0' ],
104 silly audit   '@babel/types': [ '7.29.0' ],
104 silly audit   '@esbuild/aix-ppc64': [ '0.21.5' ],
104 silly audit   '@esbuild/android-arm': [ '0.21.5' ],
104 silly audit   '@esbuild/android-arm64': [ '0.21.5' ],
104 silly audit   '@esbuild/android-x64': [ '0.21.5' ],
104 silly audit   '@esbuild/darwin-arm64': [ '0.21.5' ],
104 silly audit   '@esbuild/darwin-x64': [ '0.21.5' ],
104 silly audit   '@esbuild/freebsd-arm64': [ '0.21.5' ],
104 silly audit   '@esbuild/freebsd-x64': [ '0.21.5' ],
104 silly audit   '@esbuild/linux-arm': [ '0.21.5' ],
104 silly audit   '@esbuild/linux-arm64': [ '0.21.5' ],
104 silly audit   '@esbuild/linux-ia32': [ '0.21.5' ],
104 silly audit   '@esbuild/linux-loong64': [ '0.21.5' ],
104 silly audit   '@esbuild/linux-mips64el': [ '0.21.5' ],
104 silly audit   '@esbuild/linux-ppc64': [ '0.21.5' ],
104 silly audit   '@esbuild/linux-riscv64': [ '0.21.5' ],
104 silly audit   '@esbuild/linux-s390x': [ '0.21.5' ],
104 silly audit   '@esbuild/linux-x64': [ '0.21.5' ],
104 silly audit   '@esbuild/netbsd-x64': [ '0.21.5' ],
104 silly audit   '@esbuild/openbsd-x64': [ '0.21.5' ],
104 silly audit   '@esbuild/sunos-x64': [ '0.21.5' ],
104 silly audit   '@esbuild/win32-arm64': [ '0.21.5' ],
104 silly audit   '@esbuild/win32-ia32': [ '0.21.5' ],
104 silly audit   '@esbuild/win32-x64': [ '0.21.5' ],
104 silly audit   '@google/generative-ai': [ '0.24.1' ],
104 silly audit   '@jridgewell/gen-mapping': [ '0.3.13' ],
104 silly audit   '@jridgewell/remapping': [ '2.3.5' ],
104 silly audit   '@jridgewell/resolve-uri': [ '3.1.2' ],
104 silly audit   '@jridgewell/sourcemap-codec': [ '1.5.5' ],
104 silly audit   '@jridgewell/trace-mapping': [ '0.3.31' ],
104 silly audit   '@nodelib/fs.scandir': [ '2.1.5' ],
104 silly audit   '@nodelib/fs.stat': [ '2.0.5' ],
104 silly audit   '@nodelib/fs.walk': [ '1.2.8' ],
104 silly audit   '@remix-run/router': [ '1.23.2' ],
104 silly audit   '@rolldown/pluginutils': [ '1.0.0-beta.27' ],
104 silly audit   '@rollup/rollup-android-arm-eabi': [ '4.59.0' ],
104 silly audit   '@rollup/rollup-android-arm64': [ '4.59.0' ],
104 silly audit   '@rollup/rollup-darwin-arm64': [ '4.59.0' ],
104 silly audit   '@rollup/rollup-darwin-x64': [ '4.59.0' ],
104 silly audit   '@rollup/rollup-freebsd-arm64': [ '4.59.0' ],
104 silly audit   '@rollup/rollup-freebsd-x64': [ '4.59.0' ],
104 silly audit   '@rollup/rollup-linux-arm-gnueabihf': [ '4.59.0' ],
104 silly audit   '@rollup/rollup-linux-arm-musleabihf': [ '4.59.0' ],
104 silly audit   '@rollup/rollup-linux-arm64-gnu': [ '4.59.0' ],
104 silly audit   '@rollup/rollup-linux-arm64-musl': [ '4.59.0' ],
104 silly audit   '@rollup/rollup-linux-loong64-gnu': [ '4.59.0' ],
104 silly audit   '@rollup/rollup-linux-loong64-musl': [ '4.59.0' ],
104 silly audit   '@rollup/rollup-linux-ppc64-gnu': [ '4.59.0' ],
104 silly audit   '@rollup/rollup-linux-ppc64-musl': [ '4.59.0' ],
104 silly audit   '@rollup/rollup-linux-riscv64-gnu': [ '4.59.0' ],
104 silly audit   '@rollup/rollup-linux-riscv64-musl': [ '4.59.0' ],
104 silly audit   '@rollup/rollup-linux-s390x-gnu': [ '4.59.0' ],
104 silly audit   '@rollup/rollup-linux-x64-gnu': [ '4.59.0' ],
104 silly audit   '@rollup/rollup-linux-x64-musl': [ '4.59.0' ],
104 silly audit   '@rollup/rollup-openbsd-x64': [ '4.59.0' ],
104 silly audit   '@rollup/rollup-openharmony-arm64': [ '4.59.0' ],
104 silly audit   '@rollup/rollup-win32-arm64-msvc': [ '4.59.0' ],
104 silly audit   '@rollup/rollup-win32-ia32-msvc': [ '4.59.0' ],
104 silly audit   '@rollup/rollup-win32-x64-gnu': [ '4.59.0' ],
104 silly audit   '@rollup/rollup-win32-x64-msvc': [ '4.59.0' ],
104 silly audit   '@supabase/auth-js': [ '2.99.2' ],
104 silly audit   '@supabase/functions-js': [ '2.99.2' ],
104 silly audit   '@supabase/postgrest-js': [ '2.99.2' ],
104 silly audit   '@supabase/realtime-js': [ '2.99.2' ],
104 silly audit   '@supabase/storage-js': [ '2.99.2' ],
104 silly audit   '@supabase/supabase-js': [ '2.99.2' ],
104 silly audit   '@types/babel__core': [ '7.20.5' ],
104 silly audit   '@types/babel__generator': [ '7.27.0' ],
104 silly audit   '@types/babel__template': [ '7.4.4' ],
104 silly audit   '@types/babel__traverse': [ '7.28.0' ],
104 silly audit   '@types/d3-array': [ '3.2.2' ],
104 silly audit   '@types/d3-color': [ '3.1.3' ],
104 silly audit   '@types/d3-ease': [ '3.0.2' ],
104 silly audit   '@types/d3-interpolate': [ '3.0.4' ],
104 silly audit   '@types/d3-path': [ '3.1.1' ],
104 silly audit   '@types/d3-scale': [ '4.0.9' ],
104 silly audit   '@types/d3-shape': [ '3.1.8' ],
104 silly audit   '@types/d3-time': [ '3.0.4' ],
104 silly audit   '@types/d3-timer': [ '3.0.2' ],
104 silly audit   '@types/debug': [ '4.1.12' ],
104 silly audit   '@types/estree': [ '1.0.8' ],
104 silly audit   '@types/estree-jsx': [ '1.0.5' ],
104 silly audit   '@types/hast': [ '3.0.4' ],
104 silly audit   '@types/mdast': [ '4.0.4' ],
104 silly audit   '@types/ms': [ '2.1.0' ],
104 silly audit   '@types/node': [ '25.5.0' ],
104 silly audit   '@types/phoenix': [ '1.6.7' ],
104 silly audit   '@types/prop-types': [ '15.7.15' ],
104 silly audit   '@types/react': [ '18.3.28' ],
104 silly audit   '@types/react-dom': [ '18.3.7' ],
104 silly audit   '@types/unist': [ '3.0.3', '2.0.11' ],
104 silly audit   '@types/ws': [ '8.18.1' ],
104 silly audit   '@ungap/structured-clone': [ '1.3.0' ],
104 silly audit   '@vitejs/plugin-react': [ '4.7.0' ],
104 silly audit   accepts: [ '1.3.8' ],
104 silly audit   'ansi-regex': [ '5.0.1' ],
104 silly audit   'ansi-styles': [ '4.3.0' ],
104 silly audit   'any-promise': [ '1.3.0' ],
104 silly audit   anymatch: [ '3.1.3' ],
104 silly audit   arg: [ '5.0.2' ],
104 silly audit   'array-flatten': [ '1.1.1' ],
104 silly audit   autoprefixer: [ '10.4.27' ],
104 silly audit   bail: [ '2.0.2' ],
104 silly audit   'baseline-browser-mapping': [ '2.10.8' ],
104 silly audit   'binary-extensions': [ '2.3.0' ],
104 silly audit   'body-parser': [ '1.20.4' ],
104 silly audit   debug: [ '2.6.9', '4.4.3' ],
104 silly audit   ms: [ '2.0.0', '2.1.3' ],
104 silly audit   braces: [ '3.0.3' ],
104 silly audit   browserslist: [ '4.28.1' ],
104 silly audit   bytes: [ '3.1.2' ],
104 silly audit   'call-bind-apply-helpers': [ '1.0.2' ],
104 silly audit   'call-bound': [ '1.0.4' ],
104 silly audit   'camelcase-css': [ '2.0.1' ],
104 silly audit   'caniuse-lite': [ '1.0.30001780' ],
104 silly audit   ccount: [ '2.0.1' ],
104 silly audit   chalk: [ '4.1.2' ],
104 silly audit   'supports-color': [ '7.2.0', '8.1.1' ],
104 silly audit   'character-entities': [ '2.0.2' ],
104 silly audit   'character-entities-html4': [ '2.1.0' ],
104 silly audit   'character-entities-legacy': [ '3.0.0' ],
104 silly audit   'character-reference-invalid': [ '2.0.1' ],
104 silly audit   chokidar: [ '3.6.0' ],
104 silly audit   'glob-parent': [ '5.1.2', '6.0.2' ],
104 silly audit   cliui: [ '8.0.1' ],
104 silly audit   clsx: [ '2.1.1' ],
104 silly audit   'color-convert': [ '2.0.1' ],
104 silly audit   'color-name': [ '1.1.4' ],
104 silly audit   'comma-separated-tokens': [ '2.0.3' ],
104 silly audit   commander: [ '4.1.1' ],
104 silly audit   concurrently: [ '9.2.1' ],
104 silly audit   'content-disposition': [ '0.5.4' ],
104 silly audit   'content-type': [ '1.0.5' ],
104 silly audit   'convert-source-map': [ '2.0.0' ],
104 silly audit   cookie: [ '0.7.2' ],
104 silly audit   'cookie-signature': [ '1.0.7' ],
104 silly audit   cors: [ '2.8.6' ],
104 silly audit   'countup.js': [ '2.10.0' ],
104 silly audit   cssesc: [ '3.0.0' ],
104 silly audit   csstype: [ '3.2.3' ],
104 silly audit   'd3-array': [ '3.2.4' ],
104 silly audit   'd3-color': [ '3.1.0' ],
104 silly audit   'd3-ease': [ '3.0.1' ],
104 silly audit   'd3-format': [ '3.1.2' ],
104 silly audit   'd3-interpolate': [ '3.0.1' ],
104 silly audit   'd3-path': [ '3.1.0' ],
104 silly audit   'd3-scale': [ '4.0.2' ],
104 silly audit   'd3-shape': [ '3.2.0' ],
104 silly audit   'd3-time': [ '3.1.0' ],
104 silly audit   'd3-time-format': [ '4.1.0' ],
104 silly audit   'd3-timer': [ '3.0.1' ],
104 silly audit   'decimal.js-light': [ '2.5.1' ],
104 silly audit   'decode-named-character-reference': [ '1.3.0' ],
104 silly audit   depd: [ '2.0.0' ],
104 silly audit   dequal: [ '2.0.3' ],
104 silly audit   destroy: [ '1.2.0' ],
104 silly audit   devlop: [ '1.1.0' ],
104 silly audit   didyoumean: [ '1.2.2' ],
104 silly audit   dlv: [ '1.1.3' ],
104 silly audit   'dom-helpers': [ '5.2.1' ],
104 silly audit   dotenv: [ '16.6.1' ],
104 silly audit   'dunder-proto': [ '1.0.1' ],
104 silly audit   'ee-first': [ '1.1.1' ],
104 silly audit   'electron-to-chromium': [ '1.5.313' ],
104 silly audit   'emoji-regex': [ '8.0.0' ],
104 silly audit   encodeurl: [ '2.0.0' ],
104 silly audit   'es-define-property': [ '1.0.1' ],
104 silly audit   'es-errors': [ '1.3.0' ],
104 silly audit   'es-object-atoms': [ '1.1.1' ],
104 silly audit   esbuild: [ '0.21.5' ],
104 silly audit   escalade: [ '3.2.0' ],
104 silly audit   'escape-html': [ '1.0.3' ],
104 silly audit   'estree-util-is-identifier-name': [ '3.0.0' ],
104 silly audit   etag: [ '1.8.1' ],
104 silly audit   eventemitter3: [ '4.0.7' ],
104 silly audit   express: [ '4.22.1' ],
104 silly audit   extend: [ '3.0.2' ],
104 silly audit   'fast-equals': [ '5.4.0' ],
104 silly audit   'fast-glob': [ '3.3.3' ],
104 silly audit   fastq: [ '1.20.1' ],
104 silly audit   'fill-range': [ '7.1.1' ],
104 silly audit   finalhandler: [ '1.3.2' ],
104 silly audit   forwarded: [ '0.2.0' ],
104 silly audit   'fraction.js': [ '5.3.4' ],
104 silly audit   'framer-motion': [ '12.38.0' ],
104 silly audit   fresh: [ '0.5.2' ],
104 silly audit   fsevents: [ '2.3.3' ],
104 silly audit   'function-bind': [ '1.1.2' ],
104 silly audit   gensync: [ '1.0.0-beta.2' ],
104 silly audit   'get-caller-file': [ '2.0.5' ],
104 silly audit   'get-intrinsic': [ '1.3.0' ],
104 silly audit   'get-proto': [ '1.0.1' ],
104 silly audit   goober: [ '2.1.18' ],
104 silly audit   gopd: [ '1.2.0' ],
104 silly audit   'has-flag': [ '4.0.0' ],
104 silly audit   'has-symbols': [ '1.1.0' ],
104 silly audit   hasown: [ '2.0.2' ],
104 silly audit   'hast-util-to-jsx-runtime': [ '2.3.6' ],
104 silly audit   'hast-util-whitespace': [ '3.0.0' ],
104 silly audit   'html-url-attributes': [ '3.0.1' ],
104 silly audit   'http-errors': [ '2.0.1' ],
104 silly audit   'iceberg-js': [ '0.8.1' ],
104 silly audit   'iconv-lite': [ '0.4.24' ],
104 silly audit   inherits: [ '2.0.4' ],
104 silly audit   'inline-style-parser': [ '0.2.7' ],
104 silly audit   internmap: [ '2.0.3' ],
104 silly audit   'ipaddr.js': [ '1.9.1' ],
104 silly audit   'is-alphabetical': [ '2.0.1' ],
104 silly audit   'is-alphanumerical': [ '2.0.1' ],
104 silly audit   'is-binary-path': [ '2.1.0' ],
104 silly audit   'is-core-module': [ '2.16.1' ],
104 silly audit   'is-decimal': [ '2.0.1' ],
104 silly audit   'is-extglob': [ '2.1.1' ],
104 silly audit   'is-fullwidth-code-point': [ '3.0.0' ],
104 silly audit   'is-glob': [ '4.0.3' ],
104 silly audit   'is-hexadecimal': [ '2.0.1' ],
104 silly audit   'is-number': [ '7.0.0' ],
104 silly audit   'is-plain-obj': [ '4.1.0' ],
104 silly audit   jiti: [ '1.21.7' ],
104 silly audit   'js-tokens': [ '4.0.0' ],
104 silly audit   jsesc: [ '3.1.0' ],
104 silly audit   json5: [ '2.2.3' ],
104 silly audit   lilconfig: [ '3.1.3' ],
104 silly audit   'lines-and-columns': [ '1.2.4' ],
104 silly audit   lodash: [ '4.17.23' ],
104 silly audit   'longest-streak': [ '3.1.0' ],
104 silly audit   'loose-envify': [ '1.4.0' ],
104 silly audit   'lru-cache': [ '5.1.1' ],
104 silly audit   'lucide-react': [ '0.542.0' ],
104 silly audit   'math-intrinsics': [ '1.1.0' ],
104 silly audit   'mdast-util-from-markdown': [ '2.0.3' ],
104 silly audit   'mdast-util-mdx-expression': [ '2.0.1' ],
104 silly audit   'mdast-util-mdx-jsx': [ '3.2.0' ],
104 silly audit   'mdast-util-mdxjs-esm': [ '2.0.1' ],
104 silly audit   'mdast-util-phrasing': [ '4.1.0' ],
104 silly audit   'mdast-util-to-hast': [ '13.2.1' ],
104 silly audit   'mdast-util-to-markdown': [ '2.1.2' ],
104 silly audit   'mdast-util-to-string': [ '4.0.0' ],
104 silly audit   'media-typer': [ '0.3.0' ],
104 silly audit   'merge-descriptors': [ '1.0.3' ],
104 silly audit   merge2: [ '1.4.1' ],
104 silly audit   methods: [ '1.1.2' ],
104 silly audit   micromark: [ '4.0.2' ],
104 silly audit   'micromark-core-commonmark': [ '2.0.3' ],
104 silly audit   'micromark-factory-destination': [ '2.0.1' ],
104 silly audit   'micromark-factory-label': [ '2.0.1' ],
104 silly audit   'micromark-factory-space': [ '2.0.1' ],
104 silly audit   'micromark-factory-title': [ '2.0.1' ],
104 silly audit   'micromark-factory-whitespace': [ '2.0.1' ],
104 silly audit   'micromark-util-character': [ '2.1.1' ],
104 silly audit   'micromark-util-chunked': [ '2.0.1' ],
104 silly audit   'micromark-util-classify-character': [ '2.0.1' ],
104 silly audit   'micromark-util-combine-extensions': [ '2.0.1' ],
104 silly audit   'micromark-util-decode-numeric-character-reference': [ '2.0.2' ],
104 silly audit   'micromark-util-decode-string': [ '2.0.1' ],
104 silly audit   'micromark-util-encode': [ '2.0.1' ],
104 silly audit   'micromark-util-html-tag-name': [ '2.0.1' ],
104 silly audit   'micromark-util-normalize-identifier': [ '2.0.1' ],
104 silly audit   'micromark-util-resolve-all': [ '2.0.1' ],
104 silly audit   'micromark-util-sanitize-uri': [ '2.0.1' ],
104 silly audit   'micromark-util-subtokenize': [ '2.1.0' ],
104 silly audit   'micromark-util-symbol': [ '2.0.1' ],
104 silly audit   'micromark-util-types': [ '2.0.2' ],
104 silly audit   micromatch: [ '4.0.8' ],
104 silly audit   mime: [ '1.6.0' ],
104 silly audit   'mime-db': [ '1.52.0' ],
104 silly audit   'mime-types': [ '2.1.35' ],
104 silly audit   'motion-dom': [ '12.38.0' ],
104 silly audit   'motion-utils': [ '12.36.0' ],
104 silly audit   mz: [ '2.7.0' ],
104 silly audit   nanoid: [ '3.3.11' ],
104 silly audit   negotiator: [ '0.6.3' ],
104 silly audit   'node-releases': [ '2.0.36' ],
104 silly audit   'normalize-path': [ '3.0.0' ],
104 silly audit   'object-assign': [ '4.1.1' ],
104 silly audit   'object-hash': [ '3.0.0' ],
104 silly audit   'object-inspect': [ '1.13.4' ],
104 silly audit   'on-finished': [ '2.4.1' ],
104 silly audit   'parse-entities': [ '4.0.2' ],
104 silly audit   parseurl: [ '1.3.3' ],
104 silly audit   'path-parse': [ '1.0.7' ],
104 silly audit   'path-to-regexp': [ '0.1.12' ],
104 silly audit   picocolors: [ '1.1.1' ],
104 silly audit   picomatch: [ '2.3.1', '4.0.3' ],
104 silly audit   pify: [ '2.3.0' ],
104 silly audit   pirates: [ '4.0.7' ],
104 silly audit   postcss: [ '8.5.8' ],
104 silly audit   'postcss-import': [ '15.1.0' ],
104 silly audit   'postcss-js': [ '4.1.0' ],
104 silly audit   'postcss-load-config': [ '6.0.1' ],
104 silly audit   'postcss-nested': [ '6.2.0' ],
104 silly audit   'postcss-selector-parser': [ '6.1.2' ],
104 silly audit   'postcss-value-parser': [ '4.2.0' ],
104 silly audit   'prop-types': [ '15.8.1' ],
104 silly audit   'react-is': [ '16.13.1', '18.3.1' ],
104 silly audit   'property-information': [ '7.1.0' ],
104 silly audit   'proxy-addr': [ '2.0.7' ],
104 silly audit   qs: [ '6.14.2' ],
104 silly audit   'queue-microtask': [ '1.2.3' ],
104 silly audit   'range-parser': [ '1.2.1' ],
104 silly audit   'raw-body': [ '2.5.3' ],
104 silly audit   react: [ '18.3.1' ],
104 silly audit   'react-countup': [ '6.5.3' ],
104 silly audit   'react-dom': [ '18.3.1' ],
104 silly audit   'react-hot-toast': [ '2.6.0' ],
104 silly audit   'react-loading-skeleton': [ '3.5.0' ],
104 silly audit   'react-markdown': [ '10.1.0' ],
104 silly audit   'react-refresh': [ '0.17.0' ],
104 silly audit   'react-router': [ '6.30.3' ],
104 silly audit   'react-router-dom': [ '6.30.3' ],
104 silly audit   'react-smooth': [ '4.0.4' ],
104 silly audit   'react-transition-group': [ '4.4.5' ],
104 silly audit   'read-cache': [ '1.0.0' ],
104 silly audit   readdirp: [ '3.6.0' ],
104 silly audit   recharts: [ '2.15.4' ],
104 silly audit   'recharts-scale': [ '0.4.5' ],
104 silly audit   'remark-parse': [ '11.0.0' ],
104 silly audit   'remark-rehype': [ '11.1.2' ],
104 silly audit   'require-directory': [ '2.1.1' ],
104 silly audit   resolve: [ '1.22.11' ],
104 silly audit   reusify: [ '1.1.0' ],
104 silly audit   rollup: [ '4.59.0' ],
104 silly audit   'run-parallel': [ '1.2.0' ],
104 silly audit   rxjs: [ '7.8.2' ],
104 silly audit   'safe-buffer': [ '5.2.1' ],
104 silly audit   'safer-buffer': [ '2.1.2' ],
104 silly audit   scheduler: [ '0.23.2' ],
104 silly audit   semver: [ '6.3.1' ],
104 silly audit   send: [ '0.19.2' ],
104 silly audit   'serve-static': [ '1.16.3' ],
104 silly audit   setprototypeof: [ '1.2.0' ],
104 silly audit   'shell-quote': [ '1.8.3' ],
104 silly audit   'side-channel': [ '1.1.0' ],
104 silly audit   'side-channel-list': [ '1.0.0' ],
104 silly audit   'side-channel-map': [ '1.0.1' ],
104 silly audit   'side-channel-weakmap': [ '1.0.2' ],
104 silly audit   'source-map-js': [ '1.2.1' ],
104 silly audit   'space-separated-tokens': [ '2.0.2' ],
104 silly audit   statuses: [ '2.0.2' ],
104 silly audit   'string-width': [ '4.2.3' ],
104 silly audit   'stringify-entities': [ '4.0.4' ],
104 silly audit   'strip-ansi': [ '6.0.1' ],
104 silly audit   'style-to-js': [ '1.1.21' ],
104 silly audit   'style-to-object': [ '1.0.14' ],
104 silly audit   sucrase: [ '3.35.1' ],
104 silly audit   'supports-preserve-symlinks-flag': [ '1.0.0' ],
104 silly audit   tailwindcss: [ '3.4.19' ],
104 silly audit   thenify: [ '3.3.1' ],
104 silly audit   'thenify-all': [ '1.6.0' ],
104 silly audit   'tiny-invariant': [ '1.3.3' ],
104 silly audit   tinyglobby: [ '0.2.15' ],
104 silly audit   fdir: [ '6.5.0' ],
104 silly audit   'to-regex-range': [ '5.0.1' ],
104 silly audit   toidentifier: [ '1.0.1' ],
104 silly audit   'tree-kill': [ '1.2.2' ],
104 silly audit   'trim-lines': [ '3.0.1' ],
104 silly audit   trough: [ '2.2.0' ],
104 silly audit   'ts-interface-checker': [ '0.1.13' ],
104 silly audit   tslib: [ '2.8.1' ],
104 silly audit   'type-is': [ '1.6.18' ],
104 silly audit   'undici-types': [ '7.18.2' ],
104 silly audit   unified: [ '11.0.5' ],
104 silly audit   'unist-util-is': [ '6.0.1' ],
104 silly audit   'unist-util-position': [ '5.0.0' ],
104 silly audit   'unist-util-stringify-position': [ '4.0.0' ],
104 silly audit   'unist-util-visit': [ '5.1.0' ],
104 silly audit   'unist-util-visit-parents': [ '6.0.2' ],
104 silly audit   unpipe: [ '1.0.0' ],
104 silly audit   'update-browserslist-db': [ '1.2.3' ],
104 silly audit   'util-deprecate': [ '1.0.2' ],
104 silly audit   'utils-merge': [ '1.0.1' ],
104 silly audit   vary: [ '1.1.2' ],
104 silly audit   vfile: [ '6.0.3' ],
104 silly audit   'vfile-message': [ '4.0.3' ],
104 silly audit   'victory-vendor': [ '36.9.2' ],
104 silly audit   vite: [ '5.4.21' ],
104 silly audit   'wrap-ansi': [ '7.0.0' ],
104 silly audit   ws: [ '8.19.0' ],
104 silly audit   y18n: [ '5.0.8' ],
104 silly audit   yallist: [ '3.1.1' ],
104 silly audit   yargs: [ '17.7.2' ],
104 silly audit   'yargs-parser': [ '21.1.1' ],
104 silly audit   zwitch: [ '2.0.4' ],
104 silly audit   'oxytrace-server': [ '0.1.0' ]
104 silly audit }
105 http cache @google/generative-ai@https://registry.npmjs.org/@google/generative-ai/-/generative-ai-0.24.1.tgz 1ms (cache hit)
106 http cache yargs@https://registry.npmjs.org/yargs/-/yargs-17.7.2.tgz 0ms (cache hit)
107 http cache utils-merge@https://registry.npmjs.org/utils-merge/-/utils-merge-1.0.1.tgz 0ms (cache hit)
108 http cache y18n@https://registry.npmjs.org/y18n/-/y18n-5.0.8.tgz 0ms (cache hit)
109 http cache yargs-parser@https://registry.npmjs.org/yargs-parser/-/yargs-parser-21.1.1.tgz 0ms (cache hit)
110 http cache vary@https://registry.npmjs.org/vary/-/vary-1.1.2.tgz 0ms (cache hit)
111 http cache wrap-ansi@https://registry.npmjs.org/wrap-ansi/-/wrap-ansi-7.0.0.tgz 0ms (cache hit)
112 http cache unpipe@https://registry.npmjs.org/unpipe/-/unpipe-1.0.0.tgz 0ms (cache hit)
113 http cache tree-kill@https://registry.npmjs.org/tree-kill/-/tree-kill-1.2.2.tgz 0ms (cache hit)
114 http cache type-is@https://registry.npmjs.org/type-is/-/type-is-1.6.18.tgz 0ms (cache hit)
115 http cache side-channel-list@https://registry.npmjs.org/side-channel-list/-/side-channel-list-1.0.0.tgz 0ms (cache hit)
116 http cache toidentifier@https://registry.npmjs.org/toidentifier/-/toidentifier-1.0.1.tgz 0ms (cache hit)
117 http cache statuses@https://registry.npmjs.org/statuses/-/statuses-2.0.2.tgz 0ms (cache hit)
118 http cache strip-ansi@https://registry.npmjs.org/strip-ansi/-/strip-ansi-6.0.1.tgz 0ms (cache hit)
119 http cache supports-color@https://registry.npmjs.org/supports-color/-/supports-color-8.1.1.tgz 0ms (cache hit)
120 http cache side-channel-map@https://registry.npmjs.org/side-channel-map/-/side-channel-map-1.0.1.tgz 0ms (cache hit)
121 http cache side-channel-weakmap@https://registry.npmjs.org/side-channel-weakmap/-/side-channel-weakmap-1.0.2.tgz 0ms (cache hit)
122 http cache side-channel@https://registry.npmjs.org/side-channel/-/side-channel-1.1.0.tgz 0ms (cache hit)
123 http cache string-width@https://registry.npmjs.org/string-width/-/string-width-4.2.3.tgz 0ms (cache hit)
124 http cache setprototypeof@https://registry.npmjs.org/setprototypeof/-/setprototypeof-1.2.0.tgz 0ms (cache hit)
125 http cache safer-buffer@https://registry.npmjs.org/safer-buffer/-/safer-buffer-2.1.2.tgz 0ms (cache hit)
126 http cache serve-static@https://registry.npmjs.org/serve-static/-/serve-static-1.16.3.tgz 0ms (cache hit)
127 http cache send@https://registry.npmjs.org/send/-/send-0.19.2.tgz 0ms (cache hit)
128 http cache shell-quote@https://registry.npmjs.org/shell-quote/-/shell-quote-1.8.3.tgz 0ms (cache hit)
129 http cache safe-buffer@https://registry.npmjs.org/safe-buffer/-/safe-buffer-5.2.1.tgz 0ms (cache hit)
130 http cache require-directory@https://registry.npmjs.org/require-directory/-/require-directory-2.1.1.tgz 0ms (cache hit)
131 http cache proxy-addr@https://registry.npmjs.org/proxy-addr/-/proxy-addr-2.0.7.tgz 0ms (cache hit)
132 http cache qs@https://registry.npmjs.org/qs/-/qs-6.14.2.tgz 0ms (cache hit)
133 http cache range-parser@https://registry.npmjs.org/range-parser/-/range-parser-1.2.1.tgz 0ms (cache hit)
134 http cache parseurl@https://registry.npmjs.org/parseurl/-/parseurl-1.3.3.tgz 0ms (cache hit)
135 http cache on-finished@https://registry.npmjs.org/on-finished/-/on-finished-2.4.1.tgz 0ms (cache hit)
136 http cache path-to-regexp@https://registry.npmjs.org/path-to-regexp/-/path-to-regexp-0.1.12.tgz 0ms (cache hit)
137 http cache object-inspect@https://registry.npmjs.org/object-inspect/-/object-inspect-1.13.4.tgz 0ms (cache hit)
138 http cache mime@https://registry.npmjs.org/mime/-/mime-1.6.0.tgz 0ms (cache hit)
139 http cache negotiator@https://registry.npmjs.org/negotiator/-/negotiator-0.6.3.tgz 0ms (cache hit)
140 http cache mime-db@https://registry.npmjs.org/mime-db/-/mime-db-1.52.0.tgz 0ms (cache hit)
141 http cache mime-types@https://registry.npmjs.org/mime-types/-/mime-types-2.1.35.tgz 0ms (cache hit)
142 http cache merge-descriptors@https://registry.npmjs.org/merge-descriptors/-/merge-descriptors-1.0.3.tgz 0ms (cache hit)
143 http cache methods@https://registry.npmjs.org/methods/-/methods-1.1.2.tgz 0ms (cache hit)
144 http cache media-typer@https://registry.npmjs.org/media-typer/-/media-typer-0.3.0.tgz 0ms (cache hit)
145 http cache math-intrinsics@https://registry.npmjs.org/math-intrinsics/-/math-intrinsics-1.1.0.tgz 0ms (cache hit)
146 http cache is-fullwidth-code-point@https://registry.npmjs.org/is-fullwidth-code-point/-/is-fullwidth-code-point-3.0.0.tgz 0ms (cache hit)
147 http cache ipaddr.js@https://registry.npmjs.org/ipaddr.js/-/ipaddr.js-1.9.1.tgz 0ms (cache hit)
148 http cache raw-body@https://registry.npmjs.org/raw-body/-/raw-body-2.5.3.tgz 0ms (cache hit)
149 http cache inherits@https://registry.npmjs.org/inherits/-/inherits-2.0.4.tgz 0ms (cache hit)
150 http cache rxjs@https://registry.npmjs.org/rxjs/-/rxjs-7.8.2.tgz 0ms (cache hit)
151 http cache gopd@https://registry.npmjs.org/gopd/-/gopd-1.2.0.tgz 0ms (cache hit)
152 http cache has-flag@https://registry.npmjs.org/has-flag/-/has-flag-4.0.0.tgz 0ms (cache hit)
153 http cache http-errors@https://registry.npmjs.org/http-errors/-/http-errors-2.0.1.tgz 0ms (cache hit)
154 http cache iconv-lite@https://registry.npmjs.org/iconv-lite/-/iconv-lite-0.4.24.tgz 0ms (cache hit)
155 http cache has-symbols@https://registry.npmjs.org/has-symbols/-/has-symbols-1.1.0.tgz 0ms (cache hit)
156 http cache get-proto@https://registry.npmjs.org/get-proto/-/get-proto-1.0.1.tgz 0ms (cache hit)
157 http cache get-intrinsic@https://registry.npmjs.org/get-intrinsic/-/get-intrinsic-1.3.0.tgz 0ms (cache hit)
158 http cache fresh@https://registry.npmjs.org/fresh/-/fresh-0.5.2.tgz 0ms (cache hit)
159 http cache get-caller-file@https://registry.npmjs.org/get-caller-file/-/get-caller-file-2.0.5.tgz 0ms (cache hit)
160 http cache forwarded@https://registry.npmjs.org/forwarded/-/forwarded-0.2.0.tgz 0ms (cache hit)
161 http cache finalhandler@https://registry.npmjs.org/finalhandler/-/finalhandler-1.3.2.tgz 0ms (cache hit)
162 http cache es-object-atoms@https://registry.npmjs.org/es-object-atoms/-/es-object-atoms-1.1.1.tgz 0ms (cache hit)
163 http cache express@https://registry.npmjs.org/express/-/express-4.22.1.tgz 0ms (cache hit)
164 http cache etag@https://registry.npmjs.org/etag/-/etag-1.8.1.tgz 0ms (cache hit)
165 http cache ee-first@https://registry.npmjs.org/ee-first/-/ee-first-1.1.1.tgz 0ms (cache hit)
166 http cache es-define-property@https://registry.npmjs.org/es-define-property/-/es-define-property-1.0.1.tgz 0ms (cache hit)
167 http cache escape-html@https://registry.npmjs.org/escape-html/-/escape-html-1.0.3.tgz 0ms (cache hit)
168 http cache emoji-regex@https://registry.npmjs.org/emoji-regex/-/emoji-regex-8.0.0.tgz 0ms (cache hit)
169 http cache dotenv@https://registry.npmjs.org/dotenv/-/dotenv-16.6.1.tgz 0ms (cache hit)
170 http cache encodeurl@https://registry.npmjs.org/encodeurl/-/encodeurl-2.0.0.tgz 0ms (cache hit)
171 http cache es-errors@https://registry.npmjs.org/es-errors/-/es-errors-1.3.0.tgz 0ms (cache hit)
172 http cache depd@https://registry.npmjs.org/depd/-/depd-2.0.0.tgz 0ms (cache hit)
173 http cache dunder-proto@https://registry.npmjs.org/dunder-proto/-/dunder-proto-1.0.1.tgz 0ms (cache hit)
174 http cache destroy@https://registry.npmjs.org/destroy/-/destroy-1.2.0.tgz 0ms (cache hit)
175 http cache cors@https://registry.npmjs.org/cors/-/cors-2.8.6.tgz 0ms (cache hit)
176 http cache cookie-signature@https://registry.npmjs.org/cookie-signature/-/cookie-signature-1.0.7.tgz 0ms (cache hit)
177 http cache content-type@https://registry.npmjs.org/content-type/-/content-type-1.0.5.tgz 0ms (cache hit)
178 http cache content-disposition@https://registry.npmjs.org/content-disposition/-/content-disposition-0.5.4.tgz 0ms (cache hit)
179 http cache color-name@https://registry.npmjs.org/color-name/-/color-name-1.1.4.tgz 0ms (cache hit)
180 http cache color-convert@https://registry.npmjs.org/color-convert/-/color-convert-2.0.1.tgz 0ms (cache hit)
181 http cache cliui@https://registry.npmjs.org/cliui/-/cliui-8.0.1.tgz 0ms (cache hit)
182 http cache chalk@https://registry.npmjs.org/chalk/-/chalk-4.1.2.tgz 0ms (cache hit)
183 http cache call-bound@https://registry.npmjs.org/call-bound/-/call-bound-1.0.4.tgz 0ms (cache hit)
184 http cache bytes@https://registry.npmjs.org/bytes/-/bytes-3.1.2.tgz 0ms (cache hit)
185 http cache body-parser@https://registry.npmjs.org/body-parser/-/body-parser-1.20.4.tgz 0ms (cache hit)
186 http cache call-bind-apply-helpers@https://registry.npmjs.org/call-bind-apply-helpers/-/call-bind-apply-helpers-1.0.2.tgz 0ms (cache hit)
187 http cache array-flatten@https://registry.npmjs.org/array-flatten/-/array-flatten-1.1.1.tgz 0ms (cache hit)
188 http cache ms@https://registry.npmjs.org/ms/-/ms-2.0.0.tgz 0ms (cache hit)
189 http cache debug@https://registry.npmjs.org/debug/-/debug-2.6.9.tgz 0ms (cache hit)
190 http cache ansi-regex@https://registry.npmjs.org/ansi-regex/-/ansi-regex-5.0.1.tgz 0ms (cache hit)
191 http cache ansi-styles@https://registry.npmjs.org/ansi-styles/-/ansi-styles-4.3.0.tgz 0ms (cache hit)
192 http cache debug@https://registry.npmjs.org/debug/-/debug-2.6.9.tgz 0ms (cache hit)
193 http cache accepts@https://registry.npmjs.org/accepts/-/accepts-1.3.8.tgz 0ms (cache hit)
194 http cache debug@https://registry.npmjs.org/debug/-/debug-2.6.9.tgz 0ms (cache hit)
195 http cache concurrently@https://registry.npmjs.org/concurrently/-/concurrently-9.2.1.tgz 0ms (cache hit)
196 http cache ms@https://registry.npmjs.org/ms/-/ms-2.0.0.tgz 0ms (cache hit)
197 http cache cookie@https://registry.npmjs.org/cookie/-/cookie-0.7.2.tgz 0ms (cache hit)
198 http cache supports-color@https://registry.npmjs.org/supports-color/-/supports-color-7.2.0.tgz 0ms (cache hit)
199 silly tarball no local data for @google/generative-ai@https://registry.npmjs.org/@google/generative-ai/-/generative-ai-0.24.1.tgz. Extracting by manifest.
200 silly tarball no local data for yargs@https://registry.npmjs.org/yargs/-/yargs-17.7.2.tgz. Extracting by manifest.
201 http cache ms@https://registry.npmjs.org/ms/-/ms-2.0.0.tgz 0ms (cache hit)
202 silly tarball no local data for utils-merge@https://registry.npmjs.org/utils-merge/-/utils-merge-1.0.1.tgz. Extracting by manifest.
203 http cache ms@https://registry.npmjs.org/ms/-/ms-2.0.0.tgz 0ms (cache hit)
204 silly tarball no local data for yargs-parser@https://registry.npmjs.org/yargs-parser/-/yargs-parser-21.1.1.tgz. Extracting by manifest.
205 http cache debug@https://registry.npmjs.org/debug/-/debug-2.6.9.tgz 0ms (cache hit)
206 silly tarball no local data for vary@https://registry.npmjs.org/vary/-/vary-1.1.2.tgz. Extracting by manifest.
207 silly tarball no local data for wrap-ansi@https://registry.npmjs.org/wrap-ansi/-/wrap-ansi-7.0.0.tgz. Extracting by manifest.
208 silly tarball no local data for y18n@https://registry.npmjs.org/y18n/-/y18n-5.0.8.tgz. Extracting by manifest.
209 silly tarball no local data for tree-kill@https://registry.npmjs.org/tree-kill/-/tree-kill-1.2.2.tgz. Extracting by manifest.
210 silly tarball no local data for unpipe@https://registry.npmjs.org/unpipe/-/unpipe-1.0.0.tgz. Extracting by manifest.
211 silly tarball no local data for type-is@https://registry.npmjs.org/type-is/-/type-is-1.6.18.tgz. Extracting by manifest.
212 silly tarball no local data for side-channel-list@https://registry.npmjs.org/side-channel-list/-/side-channel-list-1.0.0.tgz. Extracting by manifest.
213 silly tarball no local data for toidentifier@https://registry.npmjs.org/toidentifier/-/toidentifier-1.0.1.tgz. Extracting by manifest.
214 silly tarball no local data for statuses@https://registry.npmjs.org/statuses/-/statuses-2.0.2.tgz. Extracting by manifest.
215 silly tarball no local data for strip-ansi@https://registry.npmjs.org/strip-ansi/-/strip-ansi-6.0.1.tgz. Extracting by manifest.
216 silly tarball no local data for supports-color@https://registry.npmjs.org/supports-color/-/supports-color-8.1.1.tgz. Extracting by manifest.
217 silly tarball no local data for side-channel-weakmap@https://registry.npmjs.org/side-channel-weakmap/-/side-channel-weakmap-1.0.2.tgz. Extracting by manifest.
218 silly tarball no local data for side-channel-map@https://registry.npmjs.org/side-channel-map/-/side-channel-map-1.0.1.tgz. Extracting by manifest.
219 silly tarball no local data for side-channel@https://registry.npmjs.org/side-channel/-/side-channel-1.1.0.tgz. Extracting by manifest.
220 silly tarball no local data for string-width@https://registry.npmjs.org/string-width/-/string-width-4.2.3.tgz. Extracting by manifest.
221 silly tarball no local data for safer-buffer@https://registry.npmjs.org/safer-buffer/-/safer-buffer-2.1.2.tgz. Extracting by manifest.
222 silly tarball no local data for setprototypeof@https://registry.npmjs.org/setprototypeof/-/setprototypeof-1.2.0.tgz. Extracting by manifest.
223 silly tarball no local data for serve-static@https://registry.npmjs.org/serve-static/-/serve-static-1.16.3.tgz. Extracting by manifest.
224 silly tarball no local data for send@https://registry.npmjs.org/send/-/send-0.19.2.tgz. Extracting by manifest.
225 silly tarball no local data for safe-buffer@https://registry.npmjs.org/safe-buffer/-/safe-buffer-5.2.1.tgz. Extracting by manifest.
226 silly tarball no local data for shell-quote@https://registry.npmjs.org/shell-quote/-/shell-quote-1.8.3.tgz. Extracting by manifest.
227 silly tarball no local data for proxy-addr@https://registry.npmjs.org/proxy-addr/-/proxy-addr-2.0.7.tgz. Extracting by manifest.
228 silly tarball no local data for require-directory@https://registry.npmjs.org/require-directory/-/require-directory-2.1.1.tgz. Extracting by manifest.
229 silly tarball no local data for qs@https://registry.npmjs.org/qs/-/qs-6.14.2.tgz. Extracting by manifest.
230 silly tarball no local data for range-parser@https://registry.npmjs.org/range-parser/-/range-parser-1.2.1.tgz. Extracting by manifest.
231 silly tarball no local data for parseurl@https://registry.npmjs.org/parseurl/-/parseurl-1.3.3.tgz. Extracting by manifest.
232 silly tarball no local data for on-finished@https://registry.npmjs.org/on-finished/-/on-finished-2.4.1.tgz. Extracting by manifest.
233 silly tarball no local data for path-to-regexp@https://registry.npmjs.org/path-to-regexp/-/path-to-regexp-0.1.12.tgz. Extracting by manifest.
234 silly tarball no local data for object-inspect@https://registry.npmjs.org/object-inspect/-/object-inspect-1.13.4.tgz. Extracting by manifest.
235 silly tarball no local data for mime@https://registry.npmjs.org/mime/-/mime-1.6.0.tgz. Extracting by manifest.
236 silly tarball no local data for negotiator@https://registry.npmjs.org/negotiator/-/negotiator-0.6.3.tgz. Extracting by manifest.
237 silly tarball no local data for mime-db@https://registry.npmjs.org/mime-db/-/mime-db-1.52.0.tgz. Extracting by manifest.
238 silly tarball no local data for mime-types@https://registry.npmjs.org/mime-types/-/mime-types-2.1.35.tgz. Extracting by manifest.
239 silly tarball no local data for merge-descriptors@https://registry.npmjs.org/merge-descriptors/-/merge-descriptors-1.0.3.tgz. Extracting by manifest.
240 silly tarball no local data for methods@https://registry.npmjs.org/methods/-/methods-1.1.2.tgz. Extracting by manifest.
241 silly tarball no local data for media-typer@https://registry.npmjs.org/media-typer/-/media-typer-0.3.0.tgz. Extracting by manifest.
242 silly tarball no local data for math-intrinsics@https://registry.npmjs.org/math-intrinsics/-/math-intrinsics-1.1.0.tgz. Extracting by manifest.
243 silly tarball no local data for is-fullwidth-code-point@https://registry.npmjs.org/is-fullwidth-code-point/-/is-fullwidth-code-point-3.0.0.tgz. Extracting by manifest.
244 silly tarball no local data for ipaddr.js@https://registry.npmjs.org/ipaddr.js/-/ipaddr.js-1.9.1.tgz. Extracting by manifest.
245 silly tarball no local data for rxjs@https://registry.npmjs.org/rxjs/-/rxjs-7.8.2.tgz. Extracting by manifest.
246 silly tarball no local data for raw-body@https://registry.npmjs.org/raw-body/-/raw-body-2.5.3.tgz. Extracting by manifest.
247 silly tarball no local data for inherits@https://registry.npmjs.org/inherits/-/inherits-2.0.4.tgz. Extracting by manifest.
248 silly tarball no local data for gopd@https://registry.npmjs.org/gopd/-/gopd-1.2.0.tgz. Extracting by manifest.
249 silly tarball no local data for has-flag@https://registry.npmjs.org/has-flag/-/has-flag-4.0.0.tgz. Extracting by manifest.
250 silly tarball no local data for http-errors@https://registry.npmjs.org/http-errors/-/http-errors-2.0.1.tgz. Extracting by manifest.
251 silly tarball no local data for iconv-lite@https://registry.npmjs.org/iconv-lite/-/iconv-lite-0.4.24.tgz. Extracting by manifest.
252 silly tarball no local data for has-symbols@https://registry.npmjs.org/has-symbols/-/has-symbols-1.1.0.tgz. Extracting by manifest.
253 silly tarball no local data for get-proto@https://registry.npmjs.org/get-proto/-/get-proto-1.0.1.tgz. Extracting by manifest.
254 silly tarball no local data for get-intrinsic@https://registry.npmjs.org/get-intrinsic/-/get-intrinsic-1.3.0.tgz. Extracting by manifest.
255 silly tarball no local data for fresh@https://registry.npmjs.org/fresh/-/fresh-0.5.2.tgz. Extracting by manifest.
256 silly tarball no local data for get-caller-file@https://registry.npmjs.org/get-caller-file/-/get-caller-file-2.0.5.tgz. Extracting by manifest.
257 silly tarball no local data for forwarded@https://registry.npmjs.org/forwarded/-/forwarded-0.2.0.tgz. Extracting by manifest.
258 silly tarball no local data for finalhandler@https://registry.npmjs.org/finalhandler/-/finalhandler-1.3.2.tgz. Extracting by manifest.
259 silly tarball no local data for es-object-atoms@https://registry.npmjs.org/es-object-atoms/-/es-object-atoms-1.1.1.tgz. Extracting by manifest.
260 silly tarball no local data for express@https://registry.npmjs.org/express/-/express-4.22.1.tgz. Extracting by manifest.
261 silly tarball no local data for etag@https://registry.npmjs.org/etag/-/etag-1.8.1.tgz. Extracting by manifest.
262 silly tarball no local data for ee-first@https://registry.npmjs.org/ee-first/-/ee-first-1.1.1.tgz. Extracting by manifest.
263 silly tarball no local data for es-define-property@https://registry.npmjs.org/es-define-property/-/es-define-property-1.0.1.tgz. Extracting by manifest.
264 silly tarball no local data for escape-html@https://registry.npmjs.org/escape-html/-/escape-html-1.0.3.tgz. Extracting by manifest.
265 silly tarball no local data for emoji-regex@https://registry.npmjs.org/emoji-regex/-/emoji-regex-8.0.0.tgz. Extracting by manifest.
266 silly tarball no local data for dotenv@https://registry.npmjs.org/dotenv/-/dotenv-16.6.1.tgz. Extracting by manifest.
267 silly tarball no local data for encodeurl@https://registry.npmjs.org/encodeurl/-/encodeurl-2.0.0.tgz. Extracting by manifest.
268 silly tarball no local data for es-errors@https://registry.npmjs.org/es-errors/-/es-errors-1.3.0.tgz. Extracting by manifest.
269 silly tarball no local data for depd@https://registry.npmjs.org/depd/-/depd-2.0.0.tgz. Extracting by manifest.
270 silly tarball no local data for dunder-proto@https://registry.npmjs.org/dunder-proto/-/dunder-proto-1.0.1.tgz. Extracting by manifest.
271 silly tarball no local data for destroy@https://registry.npmjs.org/destroy/-/destroy-1.2.0.tgz. Extracting by manifest.
272 silly tarball no local data for cors@https://registry.npmjs.org/cors/-/cors-2.8.6.tgz. Extracting by manifest.
273 silly tarball no local data for cookie-signature@https://registry.npmjs.org/cookie-signature/-/cookie-signature-1.0.7.tgz. Extracting by manifest.
274 silly tarball no local data for content-type@https://registry.npmjs.org/content-type/-/content-type-1.0.5.tgz. Extracting by manifest.
275 silly tarball no local data for content-disposition@https://registry.npmjs.org/content-disposition/-/content-disposition-0.5.4.tgz. Extracting by manifest.
276 silly tarball no local data for color-name@https://registry.npmjs.org/color-name/-/color-name-1.1.4.tgz. Extracting by manifest.
277 silly tarball no local data for color-convert@https://registry.npmjs.org/color-convert/-/color-convert-2.0.1.tgz. Extracting by manifest.
278 silly tarball no local data for cliui@https://registry.npmjs.org/cliui/-/cliui-8.0.1.tgz. Extracting by manifest.
279 silly tarball no local data for chalk@https://registry.npmjs.org/chalk/-/chalk-4.1.2.tgz. Extracting by manifest.
280 silly tarball no local data for call-bound@https://registry.npmjs.org/call-bound/-/call-bound-1.0.4.tgz. Extracting by manifest.
281 silly tarball no local data for bytes@https://registry.npmjs.org/bytes/-/bytes-3.1.2.tgz. Extracting by manifest.
282 silly tarball no local data for body-parser@https://registry.npmjs.org/body-parser/-/body-parser-1.20.4.tgz. Extracting by manifest.
283 silly tarball no local data for call-bind-apply-helpers@https://registry.npmjs.org/call-bind-apply-helpers/-/call-bind-apply-helpers-1.0.2.tgz. Extracting by manifest.
284 silly tarball no local data for ms@https://registry.npmjs.org/ms/-/ms-2.0.0.tgz. Extracting by manifest.
285 silly tarball no local data for array-flatten@https://registry.npmjs.org/array-flatten/-/array-flatten-1.1.1.tgz. Extracting by manifest.
286 silly tarball no local data for debug@https://registry.npmjs.org/debug/-/debug-2.6.9.tgz. Extracting by manifest.
287 silly tarball no local data for ansi-regex@https://registry.npmjs.org/ansi-regex/-/ansi-regex-5.0.1.tgz. Extracting by manifest.
288 silly tarball no local data for ansi-styles@https://registry.npmjs.org/ansi-styles/-/ansi-styles-4.3.0.tgz. Extracting by manifest.
289 silly tarball no local data for debug@https://registry.npmjs.org/debug/-/debug-2.6.9.tgz. Extracting by manifest.
290 silly tarball no local data for concurrently@https://registry.npmjs.org/concurrently/-/concurrently-9.2.1.tgz. Extracting by manifest.
291 silly tarball no local data for ms@https://registry.npmjs.org/ms/-/ms-2.0.0.tgz. Extracting by manifest.
292 silly tarball no local data for cookie@https://registry.npmjs.org/cookie/-/cookie-0.7.2.tgz. Extracting by manifest.
293 silly tarball no local data for supports-color@https://registry.npmjs.org/supports-color/-/supports-color-7.2.0.tgz. Extracting by manifest.
294 silly tarball no local data for debug@https://registry.npmjs.org/debug/-/debug-2.6.9.tgz. Extracting by manifest.
295 silly tarball no local data for accepts@https://registry.npmjs.org/accepts/-/accepts-1.3.8.tgz. Extracting by manifest.
296 silly tarball no local data for ms@https://registry.npmjs.org/ms/-/ms-2.0.0.tgz. Extracting by manifest.
297 silly tarball no local data for ms@https://registry.npmjs.org/ms/-/ms-2.0.0.tgz. Extracting by manifest.
298 silly tarball no local data for debug@https://registry.npmjs.org/debug/-/debug-2.6.9.tgz. Extracting by manifest.
299 http fetch GET 200 https://registry.npmjs.org/strip-ansi/-/strip-ansi-6.0.1.tgz 703ms (cache miss)
300 http fetch GET 200 https://registry.npmjs.org/wrap-ansi/-/wrap-ansi-7.0.0.tgz 768ms (cache miss)
301 http fetch GET 200 https://registry.npmjs.org/toidentifier/-/toidentifier-1.0.1.tgz 766ms (cache miss)
302 http fetch GET 200 https://registry.npmjs.org/vary/-/vary-1.1.2.tgz 773ms (cache miss)
303 http fetch POST 200 https://registry.npmjs.org/-/npm/v1/security/advisories/bulk 975ms
304 silly audit report {
304 silly audit report   esbuild: [
304 silly audit report     {
304 silly audit report       id: 1102341,
304 silly audit report       url: 'https://github.com/advisories/GHSA-67mh-4wv8-2f99',
304 silly audit report       title: 'esbuild enables any website to send any requests to the development server and read the response',
304 silly audit report       severity: 'moderate',
304 silly audit report       vulnerable_versions: '<=0.24.2',
304 silly audit report       cwe: [Array],
304 silly audit report       cvss: [Object]
304 silly audit report     }
304 silly audit report   ]
304 silly audit report }
305 silly packumentCache corgi:https://registry.npmjs.org/esbuild cache-miss
306 http fetch GET 200 https://registry.npmjs.org/supports-color/-/supports-color-8.1.1.tgz 842ms (cache miss)
307 http fetch GET 200 https://registry.npmjs.org/side-channel-list/-/side-channel-list-1.0.0.tgz 845ms (cache miss)
308 http fetch GET 200 https://registry.npmjs.org/yargs-parser/-/yargs-parser-21.1.1.tgz 865ms (cache miss)
309 http fetch GET 200 https://registry.npmjs.org/side-channel-map/-/side-channel-map-1.0.1.tgz 970ms (cache miss)
310 http fetch GET 200 https://registry.npmjs.org/string-width/-/string-width-4.2.3.tgz 973ms (cache miss)
311 http fetch GET 200 https://registry.npmjs.org/side-channel-weakmap/-/side-channel-weakmap-1.0.2.tgz 977ms (cache miss)
312 http fetch GET 200 https://registry.npmjs.org/utils-merge/-/utils-merge-1.0.1.tgz 988ms (cache miss)
313 http fetch GET 200 https://registry.npmjs.org/setprototypeof/-/setprototypeof-1.2.0.tgz 978ms (cache miss)
314 http fetch GET 200 https://registry.npmjs.org/side-channel/-/side-channel-1.1.0.tgz 981ms (cache miss)
315 http fetch GET 200 https://registry.npmjs.org/serve-static/-/serve-static-1.16.3.tgz 989ms (cache miss)
316 http fetch GET 200 https://registry.npmjs.org/safer-buffer/-/safer-buffer-2.1.2.tgz 992ms (cache miss)
317 http fetch GET 200 https://registry.npmjs.org/parseurl/-/parseurl-1.3.3.tgz 1061ms (cache miss)
318 http fetch GET 200 https://registry.npmjs.org/safe-buffer/-/safe-buffer-5.2.1.tgz 1077ms (cache miss)
319 http fetch GET 200 https://registry.npmjs.org/tree-kill/-/tree-kill-1.2.2.tgz 1089ms (cache miss)
320 http fetch GET 200 https://registry.npmjs.org/require-directory/-/require-directory-2.1.1.tgz 1079ms (cache miss)
321 http fetch GET 200 https://registry.npmjs.org/yargs/-/yargs-17.7.2.tgz 1146ms (cache miss)
322 http fetch GET 200 https://registry.npmjs.org/on-finished/-/on-finished-2.4.1.tgz 1139ms (cache miss)
323 http fetch GET 200 https://registry.npmjs.org/proxy-addr/-/proxy-addr-2.0.7.tgz 1146ms (cache miss)
324 http fetch GET 200 https://registry.npmjs.org/send/-/send-0.19.2.tgz 1302ms (cache miss)
325 http fetch GET 200 https://registry.npmjs.org/unpipe/-/unpipe-1.0.0.tgz 1315ms (cache miss)
326 http fetch GET 200 https://registry.npmjs.org/path-to-regexp/-/path-to-regexp-0.1.12.tgz 1303ms (cache miss)
327 http fetch GET 200 https://registry.npmjs.org/mime-types/-/mime-types-2.1.35.tgz 1305ms (cache miss)
328 http fetch GET 200 https://registry.npmjs.org/shell-quote/-/shell-quote-1.8.3.tgz 1334ms (cache miss)
329 http fetch GET 200 https://registry.npmjs.org/type-is/-/type-is-1.6.18.tgz 1348ms (cache miss)
330 http fetch GET 200 https://registry.npmjs.org/negotiator/-/negotiator-0.6.3.tgz 1344ms (cache miss)
331 http fetch GET 200 https://registry.npmjs.org/mime-db/-/mime-db-1.52.0.tgz 1351ms (cache miss)
332 http fetch GET 200 https://registry.npmjs.org/mime/-/mime-1.6.0.tgz 1354ms (cache miss)
333 http fetch GET 200 https://registry.npmjs.org/object-inspect/-/object-inspect-1.13.4.tgz 1426ms (cache miss)
334 http fetch GET 200 https://registry.npmjs.org/is-fullwidth-code-point/-/is-fullwidth-code-point-3.0.0.tgz 1549ms (cache miss)
335 http fetch GET 200 https://registry.npmjs.org/merge-descriptors/-/merge-descriptors-1.0.3.tgz 1552ms (cache miss)
336 http fetch GET 200 https://registry.npmjs.org/ipaddr.js/-/ipaddr.js-1.9.1.tgz 1560ms (cache miss)
337 http fetch GET 200 https://registry.npmjs.org/math-intrinsics/-/math-intrinsics-1.1.0.tgz 1619ms (cache miss)
338 http fetch GET 200 https://registry.npmjs.org/qs/-/qs-6.14.2.tgz 1637ms (cache miss)
339 http fetch GET 200 https://registry.npmjs.org/inherits/-/inherits-2.0.4.tgz 1663ms (cache miss)
340 http fetch GET 200 https://registry.npmjs.org/media-typer/-/media-typer-0.3.0.tgz 1668ms (cache miss)
341 http fetch GET 200 https://registry.npmjs.org/methods/-/methods-1.1.2.tgz 1776ms (cache miss)
342 http fetch GET 200 https://registry.npmjs.org/range-parser/-/range-parser-1.2.1.tgz 1782ms (cache miss)
343 http fetch GET 200 https://registry.npmjs.org/has-flag/-/has-flag-4.0.0.tgz 1773ms (cache miss)
344 http fetch GET 200 https://registry.npmjs.org/http-errors/-/http-errors-2.0.1.tgz 1779ms (cache miss)
345 http fetch GET 200 https://registry.npmjs.org/raw-body/-/raw-body-2.5.3.tgz 1782ms (cache miss)
346 http fetch GET 200 https://registry.npmjs.org/gopd/-/gopd-1.2.0.tgz 1790ms (cache miss)
347 http fetch GET 200 https://registry.npmjs.org/get-proto/-/get-proto-1.0.1.tgz 1792ms (cache miss)
348 http fetch GET 200 https://registry.npmjs.org/has-symbols/-/has-symbols-1.1.0.tgz 1801ms (cache miss)
349 http fetch GET 200 https://registry.npmjs.org/fresh/-/fresh-0.5.2.tgz 1837ms (cache miss)
350 http fetch GET 200 https://registry.npmjs.org/get-intrinsic/-/get-intrinsic-1.3.0.tgz 2250ms (cache miss)
351 http fetch GET 200 https://registry.npmjs.org/finalhandler/-/finalhandler-1.3.2.tgz 2249ms (cache miss)
352 http fetch GET 200 https://registry.npmjs.org/get-caller-file/-/get-caller-file-2.0.5.tgz 2253ms (cache miss)
353 http fetch GET 200 https://registry.npmjs.org/ee-first/-/ee-first-1.1.1.tgz 2251ms (cache miss)
354 http fetch GET 200 https://registry.npmjs.org/forwarded/-/forwarded-0.2.0.tgz 2255ms (cache miss)
355 http fetch GET 200 https://registry.npmjs.org/escape-html/-/escape-html-1.0.3.tgz 2251ms (cache miss)
356 http fetch GET 200 https://registry.npmjs.org/etag/-/etag-1.8.1.tgz 2262ms (cache miss)
357 http fetch GET 200 https://registry.npmjs.org/es-define-property/-/es-define-property-1.0.1.tgz 2271ms (cache miss)
358 http fetch GET 200 https://registry.npmjs.org/y18n/-/y18n-5.0.8.tgz 2305ms (cache miss)
359 http fetch GET 200 https://registry.npmjs.org/es-object-atoms/-/es-object-atoms-1.1.1.tgz 2282ms (cache miss)
360 http fetch GET 200 https://registry.npmjs.org/iconv-lite/-/iconv-lite-0.4.24.tgz 2312ms (cache miss)
361 http fetch GET 200 https://registry.npmjs.org/encodeurl/-/encodeurl-2.0.0.tgz 2485ms (cache miss)
362 http fetch GET 200 https://registry.npmjs.org/emoji-regex/-/emoji-regex-8.0.0.tgz 2507ms (cache miss)
363 http fetch GET 200 https://registry.npmjs.org/dotenv/-/dotenv-16.6.1.tgz 2527ms (cache miss)
364 http fetch GET 200 https://registry.npmjs.org/es-errors/-/es-errors-1.3.0.tgz 2527ms (cache miss)
365 http fetch GET 200 https://registry.npmjs.org/@google/generative-ai/-/generative-ai-0.24.1.tgz 2714ms (cache miss)
366 http fetch GET 200 https://registry.npmjs.org/cookie-signature/-/cookie-signature-1.0.7.tgz 2673ms (cache miss)
367 http fetch GET 200 https://registry.npmjs.org/express/-/express-4.22.1.tgz 2911ms (cache miss)
368 http fetch GET 200 https://registry.npmjs.org/content-disposition/-/content-disposition-0.5.4.tgz 2908ms (cache miss)
369 http fetch GET 200 https://registry.npmjs.org/cors/-/cors-2.8.6.tgz 2912ms (cache miss)
370 http fetch GET 200 https://registry.npmjs.org/destroy/-/destroy-1.2.0.tgz 2913ms (cache miss)
371 http fetch GET 200 https://registry.npmjs.org/color-name/-/color-name-1.1.4.tgz 2911ms (cache miss)
372 http fetch GET 200 https://registry.npmjs.org/content-type/-/content-type-1.0.5.tgz 2914ms (cache miss)
373 http fetch GET 200 https://registry.npmjs.org/depd/-/depd-2.0.0.tgz 2922ms (cache miss)
374 http fetch GET 200 https://registry.npmjs.org/bytes/-/bytes-3.1.2.tgz 2920ms (cache miss)
375 http fetch GET 200 https://registry.npmjs.org/chalk/-/chalk-4.1.2.tgz 2922ms (cache miss)
376 http fetch GET 200 https://registry.npmjs.org/color-convert/-/color-convert-2.0.1.tgz 2926ms (cache miss)
377 http fetch GET 200 https://registry.npmjs.org/cliui/-/cliui-8.0.1.tgz 2926ms (cache miss)
378 http fetch GET 200 https://registry.npmjs.org/call-bound/-/call-bound-1.0.4.tgz 2926ms (cache miss)
379 http fetch GET 200 https://registry.npmjs.org/dunder-proto/-/dunder-proto-1.0.1.tgz 2935ms (cache miss)
380 http fetch GET 200 https://registry.npmjs.org/array-flatten/-/array-flatten-1.1.1.tgz 3335ms (cache miss)
381 http fetch GET 200 https://registry.npmjs.org/ansi-regex/-/ansi-regex-5.0.1.tgz 3335ms (cache miss)
382 http fetch GET 200 https://registry.npmjs.org/ms/-/ms-2.0.0.tgz 3447ms (cache miss)
383 http fetch GET 200 https://registry.npmjs.org/call-bind-apply-helpers/-/call-bind-apply-helpers-1.0.2.tgz 3465ms (cache miss)
384 http fetch GET 200 https://registry.npmjs.org/debug/-/debug-2.6.9.tgz 3469ms (cache miss)
385 http fetch GET 200 https://registry.npmjs.org/supports-color/-/supports-color-7.2.0.tgz 3556ms (cache miss)
386 http fetch GET 200 https://registry.npmjs.org/debug/-/debug-2.6.9.tgz 3673ms (cache miss)
387 http fetch GET 200 https://registry.npmjs.org/ms/-/ms-2.0.0.tgz 3754ms (cache miss)
388 http fetch GET 200 https://registry.npmjs.org/cookie/-/cookie-0.7.2.tgz 3752ms (cache miss)
389 http fetch GET 200 https://registry.npmjs.org/ansi-styles/-/ansi-styles-4.3.0.tgz 3760ms (cache miss)
390 http fetch GET 200 https://registry.npmjs.org/ms/-/ms-2.0.0.tgz 3893ms (cache miss)
391 http fetch GET 200 https://registry.npmjs.org/ms/-/ms-2.0.0.tgz 3892ms (cache miss)
392 http fetch GET 200 https://registry.npmjs.org/body-parser/-/body-parser-1.20.4.tgz 3908ms (cache miss)
393 http fetch GET 200 https://registry.npmjs.org/accepts/-/accepts-1.3.8.tgz 3901ms (cache miss)
394 http fetch GET 200 https://registry.npmjs.org/debug/-/debug-2.6.9.tgz 3911ms (cache miss)
395 http fetch GET 200 https://registry.npmjs.org/statuses/-/statuses-2.0.2.tgz 3959ms (cache miss)
396 http fetch GET 200 https://registry.npmjs.org/debug/-/debug-2.6.9.tgz 3921ms (cache miss)
397 http fetch GET 200 https://registry.npmjs.org/concurrently/-/concurrently-9.2.1.tgz 5738ms (cache miss)
398 http fetch GET 200 https://registry.npmjs.org/esbuild 5543ms (cache miss)
399 silly packumentCache corgi:https://registry.npmjs.org/esbuild set size:undefined disposed:false
400 silly packumentCache corgi:https://registry.npmjs.org/vite cache-miss
401 http fetch GET 200 https://registry.npmjs.org/vite 1473ms (cache miss)
402 silly packumentCache corgi:https://registry.npmjs.org/vite set size:undefined disposed:false
403 silly packumentCache corgi:https://registry.npmjs.org/@vitejs%2fplugin-react cache-miss
404 http fetch GET 200 https://registry.npmjs.org/@vitejs%2fplugin-react 420ms (cache miss)
405 silly packumentCache corgi:https://registry.npmjs.org/@vitejs%2fplugin-react set size:undefined disposed:false
406 http fetch GET 200 https://registry.npmjs.org/rxjs/-/rxjs-7.8.2.tgz 11278ms (cache miss)
407 silly CHANGE node_modules/@google/generative-ai
408 silly CHANGE node_modules/yargs-parser
409 silly CHANGE node_modules/yargs
410 silly CHANGE node_modules/y18n
411 silly CHANGE node_modules/wrap-ansi
412 silly CHANGE node_modules/vary
413 silly CHANGE node_modules/utils-merge
414 silly CHANGE node_modules/unpipe
415 silly CHANGE node_modules/type-is
416 silly CHANGE node_modules/tree-kill
417 silly CHANGE node_modules/toidentifier
418 silly CHANGE node_modules/supports-color
419 silly CHANGE node_modules/side-channel-list
420 silly CHANGE node_modules/strip-ansi
421 silly CHANGE node_modules/string-width
422 silly CHANGE node_modules/statuses
423 silly CHANGE node_modules/side-channel-weakmap
424 silly CHANGE node_modules/side-channel-map
425 silly CHANGE node_modules/side-channel
426 silly CHANGE node_modules/safer-buffer
427 silly CHANGE node_modules/shell-quote
428 silly CHANGE node_modules/setprototypeof
429 silly CHANGE node_modules/serve-static
430 silly CHANGE node_modules/send
431 silly CHANGE node_modules/send/node_modules/debug
432 silly CHANGE node_modules/send/node_modules/debug/node_modules/ms
433 silly CHANGE node_modules/safe-buffer
434 silly CHANGE node_modules/rxjs
435 silly CHANGE node_modules/require-directory
436 silly CHANGE node_modules/raw-body
437 silly CHANGE node_modules/range-parser
438 silly CHANGE node_modules/proxy-addr
439 silly CHANGE node_modules/qs
440 silly CHANGE node_modules/path-to-regexp
441 silly CHANGE node_modules/on-finished
442 silly CHANGE node_modules/parseurl
443 silly CHANGE node_modules/object-inspect
444 silly CHANGE node_modules/negotiator
445 silly CHANGE node_modules/mime-types
446 silly CHANGE node_modules/mime
447 silly CHANGE node_modules/mime-db
448 silly CHANGE node_modules/methods
449 silly CHANGE node_modules/merge-descriptors
450 silly CHANGE node_modules/media-typer
451 silly CHANGE node_modules/math-intrinsics
452 silly CHANGE node_modules/is-fullwidth-code-point
453 silly CHANGE node_modules/inherits
454 silly CHANGE node_modules/ipaddr.js
455 silly CHANGE node_modules/iconv-lite
456 silly CHANGE node_modules/http-errors
457 silly CHANGE node_modules/has-flag
458 silly CHANGE node_modules/has-symbols
459 silly CHANGE node_modules/gopd
460 silly CHANGE node_modules/get-proto
461 silly CHANGE node_modules/get-intrinsic
462 silly CHANGE node_modules/get-caller-file
463 silly CHANGE node_modules/fresh
464 silly CHANGE node_modules/forwarded
465 silly CHANGE node_modules/finalhandler
466 silly CHANGE node_modules/finalhandler/node_modules/debug
467 silly CHANGE node_modules/finalhandler/node_modules/ms
468 silly CHANGE node_modules/express
469 silly CHANGE node_modules/express/node_modules/ms
470 silly CHANGE node_modules/express/node_modules/debug
471 silly CHANGE node_modules/etag
472 silly CHANGE node_modules/escape-html
473 silly CHANGE node_modules/es-errors
474 silly CHANGE node_modules/es-object-atoms
475 silly CHANGE node_modules/ee-first
476 silly CHANGE node_modules/es-define-property
477 silly CHANGE node_modules/emoji-regex
478 silly CHANGE node_modules/encodeurl
479 silly CHANGE node_modules/dunder-proto
480 silly CHANGE node_modules/dotenv
481 silly CHANGE node_modules/destroy
482 silly CHANGE node_modules/depd
483 silly CHANGE node_modules/cors
484 silly CHANGE node_modules/cookie-signature
485 silly CHANGE node_modules/cookie
486 silly CHANGE node_modules/content-type
487 silly CHANGE node_modules/content-disposition
488 silly CHANGE node_modules/color-convert
489 silly CHANGE node_modules/concurrently
490 silly CHANGE node_modules/color-name
491 silly CHANGE node_modules/cliui
492 silly CHANGE node_modules/chalk
493 silly CHANGE node_modules/chalk/node_modules/supports-color
494 silly CHANGE node_modules/call-bound
495 silly CHANGE node_modules/bytes
496 silly CHANGE node_modules/call-bind-apply-helpers
497 silly CHANGE node_modules/body-parser
498 silly CHANGE node_modules/body-parser/node_modules/ms
499 silly CHANGE node_modules/body-parser/node_modules/debug
500 silly CHANGE node_modules/ansi-regex
501 silly CHANGE node_modules/array-flatten
502 silly CHANGE node_modules/ansi-styles
503 silly CHANGE node_modules/accepts
504 verbose cwd D:\oxytrace
505 verbose os Windows_NT 10.0.26300
506 verbose node v24.11.1
507 verbose npm  v11.8.0
508 verbose exit 0
509 info ok
